#! /usr/bin/vvp
:ivl_version "11.0 (stable)";
:ivl_delay_selection "TYPICAL";
:vpi_time_precision + 0;
:vpi_module "/usr/lib/x86_64-linux-gnu/ivl/system.vpi";
:vpi_module "/usr/lib/x86_64-linux-gnu/ivl/vhdl_sys.vpi";
:vpi_module "/usr/lib/x86_64-linux-gnu/ivl/vhdl_textio.vpi";
:vpi_module "/usr/lib/x86_64-linux-gnu/ivl/v2005_math.vpi";
:vpi_module "/usr/lib/x86_64-linux-gnu/ivl/va_math.vpi";
:vpi_module "/usr/lib/x86_64-linux-gnu/ivl/v2009.vpi";
S_0x55cefc078d90 .scope package, "$unit" "$unit" 2 1;
 .timescale 0 0;
S_0x55cefc078f20 .scope module, "ula" "ula" 3 1;
 .timescale 0 0;
    .port_info 0 /INPUT 4 "ULAControl";
    .port_info 1 /INPUT 8 "ScrA";
    .port_info 2 /INPUT 8 "ScrB";
    .port_info 3 /OUTPUT 8 "ULAResult";
    .port_info 4 /OUTPUT 1 "Z";
P_0x55cefc0790b0 .param/l "WIDTH" 0 3 1, +C4<00000000000000000000000000001000>;
o0x7f7f6dafd018 .functor BUFZ 8, C4<zzzzzzzz>; HiZ drive
v0x55cefc0a0e40_0 .net "ScrA", 7 0, o0x7f7f6dafd018;  0 drivers
o0x7f7f6dafd048 .functor BUFZ 8, C4<zzzzzzzz>; HiZ drive
v0x55cefc0c3ec0_0 .net "ScrB", 7 0, o0x7f7f6dafd048;  0 drivers
o0x7f7f6dafd078 .functor BUFZ 4, C4<zzzz>; HiZ drive
v0x55cefc0c3fa0_0 .net "ULAControl", 3 0, o0x7f7f6dafd078;  0 drivers
v0x55cefc0c4060_0 .var "ULAResult", 7 0;
v0x55cefc0c4140_0 .net "Z", 0 0, L_0x55cefc0d46e0;  1 drivers
v0x55cefc0c4250_0 .net *"_ivl_0", 31 0, L_0x55cefc0c4590;  1 drivers
L_0x7f7f6dab4018 .functor BUFT 1, C4<0000000000000000000000000000>, C4<0>, C4<0>, C4<0>;
v0x55cefc0c4330_0 .net *"_ivl_3", 27 0, L_0x7f7f6dab4018;  1 drivers
L_0x7f7f6dab4060 .functor BUFT 1, C4<00000000000000000000000000000000>, C4<0>, C4<0>, C4<0>;
v0x55cefc0c4410_0 .net/2u *"_ivl_4", 31 0, L_0x7f7f6dab4060;  1 drivers
E_0x55cefc0794e0 .event edge, v0x55cefc0c3fa0_0, v0x55cefc0a0e40_0, v0x55cefc0c3ec0_0;
L_0x55cefc0c4590 .concat [ 4 28 0 0], o0x7f7f6dafd078, L_0x7f7f6dab4018;
L_0x55cefc0d46e0 .cmp/eq 32, L_0x55cefc0c4590, L_0x7f7f6dab4060;
    .scope S_0x55cefc078f20;
T_0 ;
Ewait_0 .event/or E_0x55cefc0794e0, E_0x0;
    %wait Ewait_0;
    %load/vec4 v0x55cefc0c3fa0_0;
    %dup/vec4;
    %pushi/vec4 0, 0, 4;
    %cmp/u;
    %jmp/1 T_0.0, 6;
    %dup/vec4;
    %pushi/vec4 1, 0, 4;
    %cmp/u;
    %jmp/1 T_0.1, 6;
    %dup/vec4;
    %pushi/vec4 2, 0, 4;
    %cmp/u;
    %jmp/1 T_0.2, 6;
    %dup/vec4;
    %pushi/vec4 6, 0, 4;
    %cmp/u;
    %jmp/1 T_0.3, 6;
    %dup/vec4;
    %pushi/vec4 7, 0, 4;
    %cmp/u;
    %jmp/1 T_0.4, 6;
    %jmp T_0.5;
T_0.0 ;
    %load/vec4 v0x55cefc0a0e40_0;
    %load/vec4 v0x55cefc0c3ec0_0;
    %and;
    %store/vec4 v0x55cefc0c4060_0, 0, 8;
    %jmp T_0.5;
T_0.1 ;
    %load/vec4 v0x55cefc0a0e40_0;
    %load/vec4 v0x55cefc0c3ec0_0;
    %or;
    %store/vec4 v0x55cefc0c4060_0, 0, 8;
    %jmp T_0.5;
T_0.2 ;
    %load/vec4 v0x55cefc0a0e40_0;
    %load/vec4 v0x55cefc0c3ec0_0;
    %add;
    %store/vec4 v0x55cefc0c4060_0, 0, 8;
    %jmp T_0.5;
T_0.3 ;
    %load/vec4 v0x55cefc0a0e40_0;
    %load/vec4 v0x55cefc0c3ec0_0;
    %inv;
    %add;
    %addi 1, 0, 8;
    %store/vec4 v0x55cefc0c4060_0, 0, 8;
    %jmp T_0.5;
T_0.4 ;
    %load/vec4 v0x55cefc0a0e40_0;
    %load/vec4 v0x55cefc0c3ec0_0;
    %cmp/u;
    %flag_get/vec4 5;
    %pad/u 8;
    %store/vec4 v0x55cefc0c4060_0, 0, 8;
    %jmp T_0.5;
T_0.5 ;
    %pop/vec4 1;
    %jmp T_0;
    .thread T_0, $push;
# The file index is used to find the file name in the following table.
:file_names 4;
    "N/A";
    "<interactive>";
    "-";
    "Ula.sv";
