#! /usr/bin/vvp
:ivl_version "11.0 (stable)";
:ivl_delay_selection "TYPICAL";
:vpi_time_precision + 0;
:vpi_module "/usr/lib/x86_64-linux-gnu/ivl/system.vpi";
:vpi_module "/usr/lib/x86_64-linux-gnu/ivl/vhdl_sys.vpi";
:vpi_module "/usr/lib/x86_64-linux-gnu/ivl/vhdl_textio.vpi";
:vpi_module "/usr/lib/x86_64-linux-gnu/ivl/v2005_math.vpi";
:vpi_module "/usr/lib/x86_64-linux-gnu/ivl/va_math.vpi";
:vpi_module "/usr/lib/x86_64-linux-gnu/ivl/v2009.vpi";
S_0x56150fc36d90 .scope package, "$unit" "$unit" 2 1;
 .timescale 0 0;
S_0x56150fc36f20 .scope module, "parallel_in" "parallel_in" 3 1;
 .timescale 0 0;
    .port_info 0 /INPUT 5 "address";
    .port_info 1 /INPUT 8 "memData";
    .port_info 2 /INPUT 8 "dataIn";
    .port_info 3 /OUTPUT 8 "regData";
v0x56150fc5d8d0_0 .net *"_ivl_0", 7 0, L_0x56150fc7fbc0;  1 drivers
L_0x7f7c8a6c8018 .functor BUFT 1, C4<000>, C4<0>, C4<0>, C4<0>;
v0x56150fc7f4e0_0 .net *"_ivl_3", 2 0, L_0x7f7c8a6c8018;  1 drivers
L_0x7f7c8a6c8060 .functor BUFT 1, C4<11111111>, C4<0>, C4<0>, C4<0>;
v0x56150fc7f5c0_0 .net/2u *"_ivl_4", 7 0, L_0x7f7c8a6c8060;  1 drivers
v0x56150fc7f6b0_0 .net *"_ivl_6", 0 0, L_0x56150fc7fd30;  1 drivers
o0x7f7c8aa380d8 .functor BUFZ 5, C4<zzzzz>; HiZ drive
v0x56150fc7f770_0 .net "address", 4 0, o0x7f7c8aa380d8;  0 drivers
o0x7f7c8aa38108 .functor BUFZ 8, C4<zzzzzzzz>; HiZ drive
v0x56150fc7f8a0_0 .net "dataIn", 7 0, o0x7f7c8aa38108;  0 drivers
o0x7f7c8aa38138 .functor BUFZ 8, C4<zzzzzzzz>; HiZ drive
v0x56150fc7f980_0 .net "memData", 7 0, o0x7f7c8aa38138;  0 drivers
v0x56150fc7fa60_0 .net "regData", 7 0, L_0x56150fc7fea0;  1 drivers
L_0x56150fc7fbc0 .concat [ 5 3 0 0], o0x7f7c8aa380d8, L_0x7f7c8a6c8018;
L_0x56150fc7fd30 .cmp/eq 8, L_0x56150fc7fbc0, L_0x7f7c8a6c8060;
L_0x56150fc7fea0 .functor MUXZ 8, o0x7f7c8aa38138, o0x7f7c8aa38108, L_0x56150fc7fd30, C4<>;
# The file index is used to find the file name in the following table.
:file_names 4;
    "N/A";
    "<interactive>";
    "-";
    "parallel_IN.sv";
