#! /usr/bin/vvp
:ivl_version "11.0 (stable)";
:ivl_delay_selection "TYPICAL";
:vpi_time_precision + 0;
:vpi_module "/usr/lib/x86_64-linux-gnu/ivl/system.vpi";
:vpi_module "/usr/lib/x86_64-linux-gnu/ivl/vhdl_sys.vpi";
:vpi_module "/usr/lib/x86_64-linux-gnu/ivl/vhdl_textio.vpi";
:vpi_module "/usr/lib/x86_64-linux-gnu/ivl/v2005_math.vpi";
:vpi_module "/usr/lib/x86_64-linux-gnu/ivl/va_math.vpi";
:vpi_module "/usr/lib/x86_64-linux-gnu/ivl/v2009.vpi";
S_0x557bd098e4a0 .scope package, "$unit" "$unit" 2 1;
 .timescale 0 0;
S_0x557bd09a1600 .scope module, "tb" "tb" 3 2;
 .timescale 0 0;
P_0x557bd09a1790 .param/l "WIDTH" 0 3 5, +C4<00000000000000000000000000000100>;
v0x557bd09c2480_0 .var "input_a", 3 0;
v0x557bd09c2560_0 .var "input_b", 3 0;
v0x557bd09c2630_0 .net "output_s", 3 0, L_0x557bd09d3930;  1 drivers
v0x557bd09c2730_0 .var "sel", 1 0;
v0x557bd09c2800_0 .var "test_fail", 3 0;
v0x557bd09c28a0_0 .var "test_pass", 3 0;
S_0x557bd09a1830 .scope task, "expect_task" "expect_task" 3 19, 3 19 0, S_0x557bd09a1600;
 .timescale 0 0;
v0x557bd0966cf0_0 .var "expect_output_s", 3 0;
v0x557bd09c0c90_0 .var "numb_test", 0 0;
TD_tb.expect_task ;
    %load/vec4 v0x557bd0966cf0_0;
    %load/vec4 v0x557bd09c2630_0;
    %cmp/e;
    %jmp/0xz  T_0.0, 4;
    ; show_stmt_assign_vector: Get l-value for compressed += operand
    %load/vec4 v0x557bd09c28a0_0;
    %pushi/vec4 1, 0, 4;
    %add;
    %store/vec4 v0x557bd09c28a0_0, 0, 4;
    %jmp T_0.1;
T_0.0 ;
    ; show_stmt_assign_vector: Get l-value for compressed += operand
    %load/vec4 v0x557bd09c2800_0;
    %pushi/vec4 1, 0, 4;
    %add;
    %store/vec4 v0x557bd09c2800_0, 0, 4;
    %vpi_call/w 3 27 "$display", "fail" {0 0 0};
    %vpi_call/w 3 28 "$display", "expected : obtained" {0 0 0};
    %vpi_call/w 3 29 "$display", " %b     : %b", v0x557bd0966cf0_0, v0x557bd09c2630_0 {0 0 0};
T_0.1 ;
    %end;
S_0x557bd09c0d50 .scope module, "minha_ula_instancia_01" "ULA" 3 12, 4 1 0, S_0x557bd09a1600;
 .timescale 0 0;
    .port_info 0 /INPUT 2 "sel";
    .port_info 1 /INPUT 4 "input_a";
    .port_info 2 /INPUT 4 "input_b";
    .port_info 3 /OUTPUT 4 "output_s";
P_0x557bd09c0f50 .param/l "WIDTH" 0 4 1, +C4<00000000000000000000000000000100>;
v0x557bd09c10c0_0 .net *"_ivl_0", 31 0, L_0x557bd09c2980;  1 drivers
v0x557bd09c11a0_0 .net *"_ivl_10", 31 0, L_0x557bd09d2e40;  1 drivers
L_0x7fb84eaed0a8 .functor BUFT 1, C4<000000000000000000000000000000>, C4<0>, C4<0>, C4<0>;
v0x557bd09c1280_0 .net *"_ivl_13", 29 0, L_0x7fb84eaed0a8;  1 drivers
L_0x7fb84eaed0f0 .functor BUFT 1, C4<00000000000000000000000000000001>, C4<0>, C4<0>, C4<0>;
v0x557bd09c1370_0 .net/2u *"_ivl_14", 31 0, L_0x7fb84eaed0f0;  1 drivers
v0x557bd09c1450_0 .net *"_ivl_16", 0 0, L_0x557bd09d2f60;  1 drivers
v0x557bd09c1560_0 .net *"_ivl_18", 3 0, L_0x557bd09d30d0;  1 drivers
v0x557bd09c1640_0 .net *"_ivl_20", 31 0, L_0x557bd09d31b0;  1 drivers
L_0x7fb84eaed138 .functor BUFT 1, C4<000000000000000000000000000000>, C4<0>, C4<0>, C4<0>;
v0x557bd09c1720_0 .net *"_ivl_23", 29 0, L_0x7fb84eaed138;  1 drivers
L_0x7fb84eaed180 .functor BUFT 1, C4<00000000000000000000000000000010>, C4<0>, C4<0>, C4<0>;
v0x557bd09c1800_0 .net/2u *"_ivl_24", 31 0, L_0x7fb84eaed180;  1 drivers
v0x557bd09c18e0_0 .net *"_ivl_26", 0 0, L_0x557bd09d32a0;  1 drivers
v0x557bd09c19a0_0 .net *"_ivl_28", 3 0, L_0x557bd09d3430;  1 drivers
L_0x7fb84eaed018 .functor BUFT 1, C4<000000000000000000000000000000>, C4<0>, C4<0>, C4<0>;
v0x557bd09c1a80_0 .net *"_ivl_3", 29 0, L_0x7fb84eaed018;  1 drivers
v0x557bd09c1b60_0 .net *"_ivl_30", 3 0, L_0x557bd09d3560;  1 drivers
v0x557bd09c1c40_0 .net *"_ivl_32", 3 0, L_0x557bd09d3660;  1 drivers
v0x557bd09c1d20_0 .net *"_ivl_34", 3 0, L_0x557bd09d3730;  1 drivers
L_0x7fb84eaed060 .functor BUFT 1, C4<00000000000000000000000000000000>, C4<0>, C4<0>, C4<0>;
v0x557bd09c1e00_0 .net/2u *"_ivl_4", 31 0, L_0x7fb84eaed060;  1 drivers
v0x557bd09c1ee0_0 .net *"_ivl_6", 0 0, L_0x557bd09d2b20;  1 drivers
v0x557bd09c1fa0_0 .net *"_ivl_8", 3 0, L_0x557bd09d2c90;  1 drivers
v0x557bd09c2080_0 .net "input_a", 3 0, v0x557bd09c2480_0;  1 drivers
v0x557bd09c2160_0 .net "input_b", 3 0, v0x557bd09c2560_0;  1 drivers
v0x557bd09c2240_0 .net "output_s", 3 0, L_0x557bd09d3930;  alias, 1 drivers
v0x557bd09c2320_0 .net "sel", 1 0, v0x557bd09c2730_0;  1 drivers
L_0x557bd09c2980 .concat [ 2 30 0 0], v0x557bd09c2730_0, L_0x7fb84eaed018;
L_0x557bd09d2b20 .cmp/eq 32, L_0x557bd09c2980, L_0x7fb84eaed060;
L_0x557bd09d2c90 .arith/sum 4, v0x557bd09c2480_0, v0x557bd09c2560_0;
L_0x557bd09d2e40 .concat [ 2 30 0 0], v0x557bd09c2730_0, L_0x7fb84eaed0a8;
L_0x557bd09d2f60 .cmp/eq 32, L_0x557bd09d2e40, L_0x7fb84eaed0f0;
L_0x557bd09d30d0 .arith/sub 4, v0x557bd09c2480_0, v0x557bd09c2560_0;
L_0x557bd09d31b0 .concat [ 2 30 0 0], v0x557bd09c2730_0, L_0x7fb84eaed138;
L_0x557bd09d32a0 .cmp/eq 32, L_0x557bd09d31b0, L_0x7fb84eaed180;
L_0x557bd09d3430 .shift/r 4, v0x557bd09c2480_0, v0x557bd09c2560_0;
L_0x557bd09d3560 .shift/l 4, v0x557bd09c2480_0, v0x557bd09c2560_0;
L_0x557bd09d3660 .functor MUXZ 4, L_0x557bd09d3560, L_0x557bd09d3430, L_0x557bd09d32a0, C4<>;
L_0x557bd09d3730 .functor MUXZ 4, L_0x557bd09d3660, L_0x557bd09d30d0, L_0x557bd09d2f60, C4<>;
L_0x557bd09d3930 .functor MUXZ 4, L_0x557bd09d3730, L_0x557bd09d2c90, L_0x557bd09d2b20, C4<>;
    .scope S_0x557bd09a1600;
T_1 ;
    %pushi/vec4 0, 0, 4;
    %store/vec4 v0x557bd09c2800_0, 0, 4;
    %pushi/vec4 0, 0, 4;
    %store/vec4 v0x557bd09c28a0_0, 0, 4;
    %vpi_call/w 3 37 "$dumpfile", "graphic.vcd" {0 0 0};
    %vpi_call/w 3 38 "$dumpvars", 32'sb00000000000000000000000000000000, S_0x557bd09c0d50 {0 0 0};
    %delay 1, 0;
    %pushi/vec4 49, 0, 10;
    %split/vec4 4;
    %store/vec4 v0x557bd09c2560_0, 0, 4;
    %split/vec4 4;
    %store/vec4 v0x557bd09c2480_0, 0, 4;
    %store/vec4 v0x557bd09c2730_0, 0, 2;
    %delay 1, 0;
    %pushi/vec4 1, 0, 1;
    %store/vec4 v0x557bd09c0c90_0, 0, 1;
    %pushi/vec4 4, 0, 4;
    %store/vec4 v0x557bd0966cf0_0, 0, 4;
    %fork TD_tb.expect_task, S_0x557bd09a1830;
    %join;
    %delay 1, 0;
    %pushi/vec4 242, 0, 10;
    %split/vec4 4;
    %store/vec4 v0x557bd09c2560_0, 0, 4;
    %split/vec4 4;
    %store/vec4 v0x557bd09c2480_0, 0, 4;
    %store/vec4 v0x557bd09c2730_0, 0, 2;
    %delay 1, 0;
    %pushi/vec4 1, 0, 1;
    %store/vec4 v0x557bd09c0c90_0, 0, 1;
    %pushi/vec4 1, 0, 4;
    %store/vec4 v0x557bd0966cf0_0, 0, 4;
    %fork TD_tb.expect_task, S_0x557bd09a1830;
    %join;
    %delay 1, 0;
    %pushi/vec4 371, 0, 10;
    %split/vec4 4;
    %store/vec4 v0x557bd09c2560_0, 0, 4;
    %split/vec4 4;
    %store/vec4 v0x557bd09c2480_0, 0, 4;
    %store/vec4 v0x557bd09c2730_0, 0, 2;
    %delay 1, 0;
    %pushi/vec4 1, 0, 1;
    %store/vec4 v0x557bd09c0c90_0, 0, 1;
    %pushi/vec4 4, 0, 4;
    %store/vec4 v0x557bd0966cf0_0, 0, 4;
    %fork TD_tb.expect_task, S_0x557bd09a1830;
    %join;
    %delay 1, 0;
    %pushi/vec4 376, 0, 10;
    %split/vec4 4;
    %store/vec4 v0x557bd09c2560_0, 0, 4;
    %split/vec4 4;
    %store/vec4 v0x557bd09c2480_0, 0, 4;
    %store/vec4 v0x557bd09c2730_0, 0, 2;
    %delay 1, 0;
    %pushi/vec4 1, 0, 1;
    %store/vec4 v0x557bd09c0c90_0, 0, 1;
    %pushi/vec4 15, 0, 4;
    %store/vec4 v0x557bd0966cf0_0, 0, 4;
    %fork TD_tb.expect_task, S_0x557bd09a1830;
    %join;
    %delay 1, 0;
    %pushi/vec4 577, 0, 10;
    %split/vec4 4;
    %store/vec4 v0x557bd09c2560_0, 0, 4;
    %split/vec4 4;
    %store/vec4 v0x557bd09c2480_0, 0, 4;
    %store/vec4 v0x557bd09c2730_0, 0, 2;
    %delay 1, 0;
    %pushi/vec4 1, 0, 1;
    %store/vec4 v0x557bd09c0c90_0, 0, 1;
    %pushi/vec4 2, 0, 4;
    %store/vec4 v0x557bd0966cf0_0, 0, 4;
    %fork TD_tb.expect_task, S_0x557bd09a1830;
    %join;
    %delay 1, 0;
    %pushi/vec4 546, 0, 10;
    %split/vec4 4;
    %store/vec4 v0x557bd09c2560_0, 0, 4;
    %split/vec4 4;
    %store/vec4 v0x557bd09c2480_0, 0, 4;
    %store/vec4 v0x557bd09c2730_0, 0, 2;
    %delay 1, 0;
    %pushi/vec4 1, 0, 1;
    %store/vec4 v0x557bd09c0c90_0, 0, 1;
    %pushi/vec4 0, 0, 4;
    %store/vec4 v0x557bd0966cf0_0, 0, 4;
    %fork TD_tb.expect_task, S_0x557bd09a1830;
    %join;
    %delay 1, 0;
    %pushi/vec4 756, 0, 10;
    %split/vec4 4;
    %store/vec4 v0x557bd09c2560_0, 0, 4;
    %split/vec4 4;
    %store/vec4 v0x557bd09c2480_0, 0, 4;
    %store/vec4 v0x557bd09c2730_0, 0, 2;
    %delay 1, 0;
    %pushi/vec4 1, 0, 1;
    %store/vec4 v0x557bd09c0c90_0, 0, 1;
    %pushi/vec4 0, 0, 4;
    %store/vec4 v0x557bd0966cf0_0, 0, 4;
    %fork TD_tb.expect_task, S_0x557bd09a1830;
    %join;
    %vpi_call/w 3 46 "$display", " pass    | fail" {0 0 0};
    %vpi_call/w 3 47 "$display", "   %d    |   %d ", v0x557bd09c28a0_0, v0x557bd09c2800_0 {0 0 0};
    %end;
    .thread T_1;
# The file index is used to find the file name in the following table.
:file_names 5;
    "N/A";
    "<interactive>";
    "-";
    "testbench_ula_mod.sv";
    "././ULA_mod.sv";
