#! /usr/bin/vvp
:ivl_version "11.0 (stable)";
:ivl_delay_selection "TYPICAL";
:vpi_time_precision + 0;
:vpi_module "/usr/lib/x86_64-linux-gnu/ivl/system.vpi";
:vpi_module "/usr/lib/x86_64-linux-gnu/ivl/vhdl_sys.vpi";
:vpi_module "/usr/lib/x86_64-linux-gnu/ivl/vhdl_textio.vpi";
:vpi_module "/usr/lib/x86_64-linux-gnu/ivl/v2005_math.vpi";
:vpi_module "/usr/lib/x86_64-linux-gnu/ivl/va_math.vpi";
:vpi_module "/usr/lib/x86_64-linux-gnu/ivl/v2009.vpi";
S_0x55d5b00a07e0 .scope package, "$unit" "$unit" 2 1;
 .timescale 0 0;
S_0x55d5b00a0970 .scope module, "tb" "tb" 3 2;
 .timescale 0 0;
P_0x55d5b009f320 .param/l "WIDTH" 0 3 3, +C4<00000000000000000000000000001000>;
v0x55d5b00bcbc0_0 .var "clk", 0 0;
v0x55d5b00bcc80_0 .var "ra1", 2 0;
v0x55d5b00bcd20_0 .var "ra2", 2 0;
v0x55d5b00bcdf0_0 .net "rd1", 7 0, L_0x55d5b008f8b0;  1 drivers
v0x55d5b00bcec0_0 .var "wa3", 2 0;
v0x55d5b00bcf60_0 .var "wd3", 7 0;
v0x55d5b00bd030_0 .var "we3", 0 0;
E_0x55d5b0065650 .event negedge, v0x55d5b00915a0_0;
S_0x55d5b0064cf0 .scope module, "meu_registrador" "RegisterFile" 3 13, 4 1 0, S_0x55d5b00a0970;
 .timescale 0 0;
    .port_info 0 /INPUT 1 "clk";
    .port_info 1 /INPUT 1 "we3";
    .port_info 2 /INPUT 3 "ra1";
    .port_info 3 /INPUT 3 "ra2";
    .port_info 4 /INPUT 3 "wa3";
    .port_info 5 /INPUT 8 "wd3";
    .port_info 6 /OUTPUT 8 "rd1";
    .port_info 7 /OUTPUT 8 "rd2";
P_0x55d5b0064ed0 .param/l "WIDTH" 0 4 1, +C4<00000000000000000000000000001000>;
L_0x55d5b008f8b0 .functor BUFZ 8, L_0x55d5b00bd100, C4<00000000>, C4<00000000>, C4<00000000>;
L_0x55d5b008fd20 .functor BUFZ 8, L_0x55d5b00bd430, C4<00000000>, C4<00000000>, C4<00000000>;
v0x55d5b008fa10_0 .net *"_ivl_0", 7 0, L_0x55d5b00bd100;  1 drivers
v0x55d5b008fe80_0 .net *"_ivl_10", 4 0, L_0x55d5b00bd4d0;  1 drivers
L_0x7efcd9404060 .functor BUFT 1, C4<00>, C4<0>, C4<0>, C4<0>;
v0x55d5b0090320_0 .net *"_ivl_13", 1 0, L_0x7efcd9404060;  1 drivers
v0x55d5b00907c0_0 .net *"_ivl_2", 4 0, L_0x55d5b00bd200;  1 drivers
L_0x7efcd9404018 .functor BUFT 1, C4<00>, C4<0>, C4<0>, C4<0>;
v0x55d5b0090c60_0 .net *"_ivl_5", 1 0, L_0x7efcd9404018;  1 drivers
v0x55d5b0091100_0 .net *"_ivl_8", 7 0, L_0x55d5b00bd430;  1 drivers
v0x55d5b00915a0_0 .net "clk", 0 0, v0x55d5b00bcbc0_0;  1 drivers
v0x55d5b00bc400 .array "mem", 0 7, 7 0;
v0x55d5b00bc4c0_0 .net "ra1", 2 0, v0x55d5b00bcc80_0;  1 drivers
v0x55d5b00bc5a0_0 .net "ra2", 2 0, v0x55d5b00bcd20_0;  1 drivers
v0x55d5b00bc680_0 .net "rd1", 7 0, L_0x55d5b008f8b0;  alias, 1 drivers
v0x55d5b00bc760_0 .net "rd2", 7 0, L_0x55d5b008fd20;  1 drivers
v0x55d5b00bc840_0 .net "wa3", 2 0, v0x55d5b00bcec0_0;  1 drivers
v0x55d5b00bc920_0 .net "wd3", 7 0, v0x55d5b00bcf60_0;  1 drivers
v0x55d5b00bca00_0 .net "we3", 0 0, v0x55d5b00bd030_0;  1 drivers
E_0x55d5b0088f30 .event posedge, v0x55d5b00915a0_0;
L_0x55d5b00bd100 .array/port v0x55d5b00bc400, L_0x55d5b00bd200;
L_0x55d5b00bd200 .concat [ 3 2 0 0], v0x55d5b00bcc80_0, L_0x7efcd9404018;
L_0x55d5b00bd430 .array/port v0x55d5b00bc400, L_0x55d5b00bd4d0;
L_0x55d5b00bd4d0 .concat [ 3 2 0 0], v0x55d5b00bcd20_0, L_0x7efcd9404060;
    .scope S_0x55d5b0064cf0;
T_0 ;
    %pushi/vec4 0, 0, 8;
    %ix/load 4, 0, 0;
    %flag_set/imm 4, 0;
    %store/vec4a v0x55d5b00bc400, 4, 0;
    %end;
    .thread T_0;
    .scope S_0x55d5b0064cf0;
T_1 ;
    %wait E_0x55d5b0088f30;
    %load/vec4 v0x55d5b00bca00_0;
    %flag_set/vec4 8;
    %jmp/0xz  T_1.0, 8;
    %load/vec4 v0x55d5b00bc920_0;
    %load/vec4 v0x55d5b00bc840_0;
    %pad/u 5;
    %ix/vec4 3;
    %ix/load 4, 0, 0; Constant delay
    %assign/vec4/a/d v0x55d5b00bc400, 0, 4;
T_1.0 ;
    %jmp T_1;
    .thread T_1;
    .scope S_0x55d5b00a0970;
T_2 ;
    %delay 1, 0;
    %load/vec4 v0x55d5b00bcbc0_0;
    %inv;
    %store/vec4 v0x55d5b00bcbc0_0, 0, 1;
    %jmp T_2;
    .thread T_2;
    .scope S_0x55d5b00a0970;
T_3 ;
    %vpi_call/w 3 25 "$dumpfile", "Graphic_Register.vcd" {0 0 0};
    %vpi_call/w 3 26 "$dumpvars", 32'sb00000000000000000000000000000000, S_0x55d5b0064cf0 {0 0 0};
    %pushi/vec4 0, 0, 1;
    %store/vec4 v0x55d5b00bcbc0_0, 0, 1;
    %delay 1, 0;
    %wait E_0x55d5b0065650;
    %pushi/vec4 10, 0, 18;
    %split/vec4 8;
    %store/vec4 v0x55d5b00bcf60_0, 0, 8;
    %split/vec4 3;
    %store/vec4 v0x55d5b00bcec0_0, 0, 3;
    %split/vec4 3;
    %store/vec4 v0x55d5b00bcd20_0, 0, 3;
    %split/vec4 3;
    %store/vec4 v0x55d5b00bcc80_0, 0, 3;
    %store/vec4 v0x55d5b00bd030_0, 0, 1;
    %delay 1, 0;
    %wait E_0x55d5b0065650;
    %pushi/vec4 131466, 0, 18;
    %split/vec4 8;
    %store/vec4 v0x55d5b00bcf60_0, 0, 8;
    %split/vec4 3;
    %store/vec4 v0x55d5b00bcec0_0, 0, 3;
    %split/vec4 3;
    %store/vec4 v0x55d5b00bcd20_0, 0, 3;
    %split/vec4 3;
    %store/vec4 v0x55d5b00bcc80_0, 0, 3;
    %store/vec4 v0x55d5b00bd030_0, 0, 1;
    %delay 1, 0;
    %wait E_0x55d5b0065650;
    %pushi/vec4 148138, 0, 18;
    %split/vec4 8;
    %store/vec4 v0x55d5b00bcf60_0, 0, 8;
    %split/vec4 3;
    %store/vec4 v0x55d5b00bcec0_0, 0, 3;
    %split/vec4 3;
    %store/vec4 v0x55d5b00bcd20_0, 0, 3;
    %split/vec4 3;
    %store/vec4 v0x55d5b00bcc80_0, 0, 3;
    %store/vec4 v0x55d5b00bd030_0, 0, 1;
    %delay 1, 0;
    %wait E_0x55d5b0065650;
    %pushi/vec4 166858, 0, 18;
    %split/vec4 8;
    %store/vec4 v0x55d5b00bcf60_0, 0, 8;
    %split/vec4 3;
    %store/vec4 v0x55d5b00bcec0_0, 0, 3;
    %split/vec4 3;
    %store/vec4 v0x55d5b00bcd20_0, 0, 3;
    %split/vec4 3;
    %store/vec4 v0x55d5b00bcc80_0, 0, 3;
    %store/vec4 v0x55d5b00bd030_0, 0, 1;
    %delay 1, 0;
    %wait E_0x55d5b0065650;
    %pushi/vec4 185578, 0, 18;
    %split/vec4 8;
    %store/vec4 v0x55d5b00bcf60_0, 0, 8;
    %split/vec4 3;
    %store/vec4 v0x55d5b00bcec0_0, 0, 3;
    %split/vec4 3;
    %store/vec4 v0x55d5b00bcd20_0, 0, 3;
    %split/vec4 3;
    %store/vec4 v0x55d5b00bcc80_0, 0, 3;
    %store/vec4 v0x55d5b00bd030_0, 0, 1;
    %delay 1, 0;
    %wait E_0x55d5b0065650;
    %pushi/vec4 204202, 0, 18;
    %split/vec4 8;
    %store/vec4 v0x55d5b00bcf60_0, 0, 8;
    %split/vec4 3;
    %store/vec4 v0x55d5b00bcec0_0, 0, 3;
    %split/vec4 3;
    %store/vec4 v0x55d5b00bcd20_0, 0, 3;
    %split/vec4 3;
    %store/vec4 v0x55d5b00bcc80_0, 0, 3;
    %store/vec4 v0x55d5b00bd030_0, 0, 1;
    %delay 1, 0;
    %wait E_0x55d5b0065650;
    %pushi/vec4 222862, 0, 18;
    %split/vec4 8;
    %store/vec4 v0x55d5b00bcf60_0, 0, 8;
    %split/vec4 3;
    %store/vec4 v0x55d5b00bcec0_0, 0, 3;
    %split/vec4 3;
    %store/vec4 v0x55d5b00bcd20_0, 0, 3;
    %split/vec4 3;
    %store/vec4 v0x55d5b00bcc80_0, 0, 3;
    %store/vec4 v0x55d5b00bd030_0, 0, 1;
    %delay 1, 0;
    %wait E_0x55d5b0065650;
    %pushi/vec4 143359, 0, 18;
    %split/vec4 8;
    %store/vec4 v0x55d5b00bcf60_0, 0, 8;
    %split/vec4 3;
    %store/vec4 v0x55d5b00bcec0_0, 0, 3;
    %split/vec4 3;
    %store/vec4 v0x55d5b00bcd20_0, 0, 3;
    %split/vec4 3;
    %store/vec4 v0x55d5b00bcc80_0, 0, 3;
    %store/vec4 v0x55d5b00bd030_0, 0, 1;
    %delay 1, 0;
    %wait E_0x55d5b0065650;
    %pushi/vec4 187274, 0, 18;
    %split/vec4 8;
    %store/vec4 v0x55d5b00bcf60_0, 0, 8;
    %split/vec4 3;
    %store/vec4 v0x55d5b00bcec0_0, 0, 3;
    %split/vec4 3;
    %store/vec4 v0x55d5b00bcd20_0, 0, 3;
    %split/vec4 3;
    %store/vec4 v0x55d5b00bcc80_0, 0, 3;
    %store/vec4 v0x55d5b00bd030_0, 0, 1;
    %delay 20, 0;
    %vpi_call/w 3 40 "$finish" {0 0 0};
    %end;
    .thread T_3;
# The file index is used to find the file name in the following table.
:file_names 5;
    "N/A";
    "<interactive>";
    "-";
    "testbench.sv";
    "././RegisterFile.sv";
