#! /usr/bin/vvp
:ivl_version "11.0 (stable)";
:ivl_delay_selection "TYPICAL";
:vpi_time_precision + 0;
:vpi_module "/usr/lib/x86_64-linux-gnu/ivl/system.vpi";
:vpi_module "/usr/lib/x86_64-linux-gnu/ivl/vhdl_sys.vpi";
:vpi_module "/usr/lib/x86_64-linux-gnu/ivl/vhdl_textio.vpi";
:vpi_module "/usr/lib/x86_64-linux-gnu/ivl/v2005_math.vpi";
:vpi_module "/usr/lib/x86_64-linux-gnu/ivl/va_math.vpi";
:vpi_module "/usr/lib/x86_64-linux-gnu/ivl/v2009.vpi";
S_0x5559c5d31df0 .scope package, "$unit" "$unit" 2 1;
 .timescale 0 0;
S_0x5559c5d31f80 .scope module, "frequencydivider" "frequencydivider" 3 2;
 .timescale 0 0;
    .port_info 0 /INPUT 1 "clk";
    .port_info 1 /INPUT 1 "rst";
    .port_info 2 /OUTPUT 1 "myclk";
P_0x5559c5d570e0 .param/l "flag_ovf_mytime" 0 3 8, C4<001011111010111100001000000>;
P_0x5559c5d57120 .param/l "frequency" 0 3 2, C4<000000000000000000000000001>;
o0x7f153c468018 .functor BUFZ 1, C4<z>; HiZ drive
v0x5559c5d58ca0_0 .net "clk", 0 0, o0x7f153c468018;  0 drivers
v0x5559c5d7bdb0_0 .var "counter", 26 0;
v0x5559c5d7be90_0 .var "myclk", 0 0;
o0x7f153c4680a8 .functor BUFZ 1, C4<z>; HiZ drive
v0x5559c5d7bf60_0 .net "rst", 0 0, o0x7f153c4680a8;  0 drivers
E_0x5559c5d6b040 .event posedge, v0x5559c5d58ca0_0;
    .scope S_0x5559c5d31f80;
T_0 ;
    %wait E_0x5559c5d6b040;
    %load/vec4 v0x5559c5d7bf60_0;
    %inv;
    %flag_set/vec4 8;
    %jmp/0xz  T_0.0, 8;
    %pushi/vec4 0, 0, 27;
    %assign/vec4 v0x5559c5d7bdb0_0, 0;
    %pushi/vec4 0, 0, 1;
    %store/vec4 v0x5559c5d7be90_0, 0, 1;
    %jmp T_0.1;
T_0.0 ;
    %load/vec4 v0x5559c5d7bdb0_0;
    %cmpi/e 25000000, 0, 27;
    %jmp/0xz  T_0.2, 4;
    %load/vec4 v0x5559c5d7be90_0;
    %inv;
    %store/vec4 v0x5559c5d7be90_0, 0, 1;
    %pushi/vec4 0, 0, 27;
    %assign/vec4 v0x5559c5d7bdb0_0, 0;
    %jmp T_0.3;
T_0.2 ;
    %load/vec4 v0x5559c5d7bdb0_0;
    %addi 1, 0, 27;
    %assign/vec4 v0x5559c5d7bdb0_0, 0;
T_0.3 ;
T_0.1 ;
    %jmp T_0;
    .thread T_0;
# The file index is used to find the file name in the following table.
:file_names 4;
    "N/A";
    "<interactive>";
    "-";
    "frequencydivider.sv";
