#! /usr/bin/vvp
:ivl_version "11.0 (stable)";
:ivl_delay_selection "TYPICAL";
:vpi_time_precision + 0;
:vpi_module "/usr/lib/x86_64-linux-gnu/ivl/system.vpi";
:vpi_module "/usr/lib/x86_64-linux-gnu/ivl/vhdl_sys.vpi";
:vpi_module "/usr/lib/x86_64-linux-gnu/ivl/vhdl_textio.vpi";
:vpi_module "/usr/lib/x86_64-linux-gnu/ivl/v2005_math.vpi";
:vpi_module "/usr/lib/x86_64-linux-gnu/ivl/va_math.vpi";
:vpi_module "/usr/lib/x86_64-linux-gnu/ivl/v2009.vpi";
S_0x558158283710 .scope package, "$unit" "$unit" 2 1;
 .timescale 0 0;
S_0x55815827ca60 .scope module, "CPUv010" "CPUv010" 3 6;
 .timescale 0 0;
    .port_info 0 /INPUT 1 "clk";
v0x5581582b3b10_0 .net *"_ivl_1", 4 0, L_0x5581582bd8c0;  1 drivers
L_0x7faf4e65b018 .functor BUFT 1, C4<00000001>, C4<0>, C4<0>, C4<0>;
v0x5581582b3c10_0 .net/2u *"_ivl_12", 7 0, L_0x7faf4e65b018;  1 drivers
v0x5581582b3cf0_0 .net *"_ivl_21", 4 0, L_0x5581582cea30;  1 drivers
v0x5581582b3de0_0 .net *"_ivl_25", 4 0, L_0x5581582cec20;  1 drivers
v0x5581582b3ec0_0 .net *"_ivl_3", 4 0, L_0x5581582bd990;  1 drivers
v0x5581582b3fa0_0 .net *"_ivl_4", 4 0, L_0x5581582bda30;  1 drivers
v0x5581582b4080_0 .net *"_ivl_9", 7 0, L_0x5581582bdd10;  1 drivers
o0x7faf4e6a4228 .functor BUFZ 1, C4<z>; HiZ drive
v0x5581582b4160_0 .net "clk", 0 0, o0x7faf4e6a4228;  0 drivers
v0x5581582b4250_0 .net "w_Inst", 31 0, L_0x558158288210;  1 drivers
v0x5581582b43a0_0 .net "w_PC", 7 0, v0x558158281eb0_0;  1 drivers
v0x5581582b4440_0 .net "w_PCp1", 7 0, L_0x5581582be010;  1 drivers
v0x5581582b4500_0 .net "w_RegDst", 0 0, v0x5581582b3700_0;  1 drivers
v0x5581582b45a0_0 .net "w_RegWrite", 0 0, v0x5581582b37c0_0;  1 drivers
v0x5581582b4690_0 .net "w_SrcB", 7 0, L_0x5581582bde40;  1 drivers
v0x5581582b4730_0 .net "w_ULAControl", 2 0, v0x5581582b3860_0;  1 drivers
v0x5581582b4820_0 .net "w_ULAResultWd3", 7 0, v0x5581582b28c0_0;  1 drivers
v0x5581582b4910_0 .net "w_ULASrc", 0 0, v0x5581582b3930_0;  1 drivers
v0x5581582b49b0_0 .net "w_rd1SrcA", 7 0, L_0x55815827e400;  1 drivers
v0x5581582b4aa0_0 .net "w_rd2", 7 0, L_0x5581582ce970;  1 drivers
v0x5581582b4b60_0 .net "w_wa3", 3 0, L_0x5581582bdbf0;  1 drivers
L_0x5581582bd8c0 .part L_0x558158288210, 16, 5;
L_0x5581582bd990 .part L_0x558158288210, 11, 5;
L_0x5581582bda30 .functor MUXZ 5, L_0x5581582bd990, L_0x5581582bd8c0, v0x5581582b3700_0, C4<>;
L_0x5581582bdbf0 .part L_0x5581582bda30, 0, 4;
L_0x5581582bdd10 .part L_0x558158288210, 0, 8;
L_0x5581582bde40 .functor MUXZ 8, L_0x5581582bdd10, L_0x5581582ce970, v0x5581582b3930_0, C4<>;
L_0x5581582be010 .arith/sum 8, v0x558158281eb0_0, L_0x7faf4e65b018;
L_0x5581582ce2e0 .part L_0x558158288210, 26, 6;
L_0x5581582ce3d0 .part L_0x558158288210, 0, 6;
L_0x5581582cea30 .part L_0x558158288210, 21, 5;
L_0x5581582ceb30 .part L_0x5581582cea30, 0, 3;
L_0x5581582cec20 .part L_0x558158288210, 16, 5;
L_0x5581582ced30 .part L_0x5581582cec20, 0, 3;
L_0x5581582cee70 .part L_0x5581582bdbf0, 0, 3;
S_0x5581582996c0 .scope module, "myInstrMemory" "InstrMemory" 3 30, 4 2 0, S_0x55815827ca60;
 .timescale 0 0;
    .port_info 0 /INPUT 8 "address";
    .port_info 1 /OUTPUT 32 "RD";
P_0x558158243a90 .param/l "WIDTH" 0 4 2, +C4<00000000000000000000000000001000>;
P_0x558158243ad0 .param/l "number_of_instructions" 0 4 6, +C4<00000000000000000000000000000101>;
L_0x558158288210 .functor BUFZ 32, L_0x5581582ce1b0, C4<00000000000000000000000000000000>, C4<00000000000000000000000000000000>, C4<00000000000000000000000000000000>;
v0x558158288320_0 .net "RD", 31 0, L_0x558158288210;  alias, 1 drivers
v0x55815827e520_0 .net *"_ivl_15", 31 0, L_0x5581582ce1b0;  1 drivers
v0x558158281f90_0 .net "address", 7 0, v0x558158281eb0_0;  alias, 1 drivers
L_0x7faf4e65b060 .functor BUFT 1, C4<00100000000000010000000000000011>, C4<0>, C4<0>, C4<0>;
v0x5581582821f0 .array "machine_code", 0 4;
v0x5581582821f0_0 .net v0x5581582821f0 0, 31 0, L_0x7faf4e65b060; 1 drivers
L_0x7faf4e65b0a8 .functor BUFT 1, C4<00100000000000100000000000001001>, C4<0>, C4<0>, C4<0>;
v0x5581582821f0_1 .net v0x5581582821f0 1, 31 0, L_0x7faf4e65b0a8; 1 drivers
L_0x7faf4e65b0f0 .functor BUFT 1, C4<00000000001000100001000000100000>, C4<0>, C4<0>, C4<0>;
v0x5581582821f0_2 .net v0x5581582821f0 2, 31 0, L_0x7faf4e65b0f0; 1 drivers
L_0x7faf4e65b138 .functor BUFT 1, C4<00000000001000100001100000100100>, C4<0>, C4<0>, C4<0>;
v0x5581582821f0_3 .net v0x5581582821f0 3, 31 0, L_0x7faf4e65b138; 1 drivers
L_0x7faf4e65b180 .functor BUFT 1, C4<00000000001000100010000000100101>, C4<0>, C4<0>, C4<0>;
v0x5581582821f0_4 .net v0x5581582821f0 4, 31 0, L_0x7faf4e65b180; 1 drivers
L_0x5581582ce1b0 .array/port v0x5581582821f0, v0x558158281eb0_0;
S_0x5581582b0bd0 .scope module, "myPC" "PC" 3 24, 5 1 0, S_0x55815827ca60;
 .timescale 0 0;
    .port_info 0 /INPUT 1 "clk";
    .port_info 1 /INPUT 8 "PCin";
    .port_info 2 /OUTPUT 8 "PCout";
P_0x5581582b0db0 .param/l "WIDTH" 0 5 1, +C4<00000000000000000000000000001000>;
v0x558158281c50_0 .net "PCin", 7 0, L_0x5581582be010;  alias, 1 drivers
v0x558158281eb0_0 .var "PCout", 7 0;
v0x5581581ea370_0 .net "clk", 0 0, o0x7faf4e6a4228;  alias, 0 drivers
E_0x558158265530 .event posedge, v0x5581581ea370_0;
S_0x5581582b10e0 .scope module, "myRegisterFile" "RegisterFile" 3 42, 6 1 0, S_0x55815827ca60;
 .timescale 0 0;
    .port_info 0 /INPUT 1 "clk";
    .port_info 1 /INPUT 1 "we3";
    .port_info 2 /INPUT 3 "ra1";
    .port_info 3 /INPUT 3 "ra2";
    .port_info 4 /INPUT 3 "wa3";
    .port_info 5 /INPUT 8 "wd3";
    .port_info 6 /OUTPUT 8 "rd1";
    .port_info 7 /OUTPUT 8 "rd2";
P_0x5581582b12f0 .param/l "WIDTH" 0 6 1, +C4<00000000000000000000000000001000>;
L_0x55815827e400 .functor BUFZ 8, L_0x5581582ce470, C4<00000000>, C4<00000000>, C4<00000000>;
L_0x5581582ce970 .functor BUFZ 8, L_0x5581582ce730, C4<00000000>, C4<00000000>, C4<00000000>;
v0x5581582b14e0_0 .net *"_ivl_0", 7 0, L_0x5581582ce470;  1 drivers
v0x5581582b15a0_0 .net *"_ivl_10", 4 0, L_0x5581582ce7d0;  1 drivers
L_0x7faf4e65b210 .functor BUFT 1, C4<00>, C4<0>, C4<0>, C4<0>;
v0x5581582b1680_0 .net *"_ivl_13", 1 0, L_0x7faf4e65b210;  1 drivers
v0x5581582b1770_0 .net *"_ivl_2", 4 0, L_0x5581582ce570;  1 drivers
L_0x7faf4e65b1c8 .functor BUFT 1, C4<00>, C4<0>, C4<0>, C4<0>;
v0x5581582b1850_0 .net *"_ivl_5", 1 0, L_0x7faf4e65b1c8;  1 drivers
v0x5581582b1980_0 .net *"_ivl_8", 7 0, L_0x5581582ce730;  1 drivers
v0x5581582b1a60_0 .net "clk", 0 0, o0x7faf4e6a4228;  alias, 0 drivers
v0x5581582b1b00 .array "mem", 0 7, 7 0;
v0x5581582b1ba0_0 .net "ra1", 2 0, L_0x5581582ceb30;  1 drivers
v0x5581582b1c80_0 .net "ra2", 2 0, L_0x5581582ced30;  1 drivers
v0x5581582b1d60_0 .net "rd1", 7 0, L_0x55815827e400;  alias, 1 drivers
v0x5581582b1e40_0 .net "rd2", 7 0, L_0x5581582ce970;  alias, 1 drivers
v0x5581582b1f20_0 .net "wa3", 2 0, L_0x5581582cee70;  1 drivers
v0x5581582b2000_0 .net "wd3", 7 0, v0x5581582b28c0_0;  alias, 1 drivers
v0x5581582b20e0_0 .net "we3", 0 0, v0x5581582b37c0_0;  alias, 1 drivers
L_0x5581582ce470 .array/port v0x5581582b1b00, L_0x5581582ce570;
L_0x5581582ce570 .concat [ 3 2 0 0], L_0x5581582ceb30, L_0x7faf4e65b1c8;
L_0x5581582ce730 .array/port v0x5581582b1b00, L_0x5581582ce7d0;
L_0x5581582ce7d0 .concat [ 3 2 0 0], L_0x5581582ced30, L_0x7faf4e65b210;
S_0x5581582b22a0 .scope module, "myULA" "ula" 3 53, 7 1 0, S_0x55815827ca60;
 .timescale 0 0;
    .port_info 0 /INPUT 3 "ULAControl";
    .port_info 1 /INPUT 8 "ScrA";
    .port_info 2 /INPUT 8 "ScrB";
    .port_info 3 /OUTPUT 8 "ULAResult";
    .port_info 4 /OUTPUT 1 "Z";
P_0x5581582b2430 .param/l "WIDTH" 0 7 1, +C4<00000000000000000000000000001000>;
v0x5581582b2600_0 .net "ScrA", 7 0, L_0x55815827e400;  alias, 1 drivers
v0x5581582b2710_0 .net "ScrB", 7 0, L_0x5581582bde40;  alias, 1 drivers
v0x5581582b27d0_0 .net "ULAControl", 2 0, v0x5581582b3860_0;  alias, 1 drivers
v0x5581582b28c0_0 .var "ULAResult", 7 0;
v0x5581582b29b0_0 .net "Z", 0 0, L_0x5581582cf0d0;  1 drivers
v0x5581582b2aa0_0 .net *"_ivl_0", 31 0, L_0x5581582cefe0;  1 drivers
L_0x7faf4e65b258 .functor BUFT 1, C4<00000000000000000000000000000>, C4<0>, C4<0>, C4<0>;
v0x5581582b2b80_0 .net *"_ivl_3", 28 0, L_0x7faf4e65b258;  1 drivers
L_0x7faf4e65b2a0 .functor BUFT 1, C4<00000000000000000000000000000000>, C4<0>, C4<0>, C4<0>;
v0x5581582b2c60_0 .net/2u *"_ivl_4", 31 0, L_0x7faf4e65b2a0;  1 drivers
E_0x558158264100 .event edge, v0x5581582b27d0_0, v0x5581582b1d60_0, v0x5581582b2710_0;
L_0x5581582cefe0 .concat [ 3 29 0 0], v0x5581582b3860_0, L_0x7faf4e65b258;
L_0x5581582cf0d0 .cmp/eq 32, L_0x5581582cefe0, L_0x7faf4e65b2a0;
S_0x5581582b2de0 .scope module, "myULAControl" "control_unit" 3 34, 8 1 0, S_0x55815827ca60;
 .timescale 0 0;
    .port_info 0 /INPUT 6 "OP";
    .port_info 1 /INPUT 6 "Funct";
    .port_info 2 /OUTPUT 1 "Jump";
    .port_info 3 /OUTPUT 1 "MemtoReg";
    .port_info 4 /OUTPUT 1 "MemWrite";
    .port_info 5 /OUTPUT 1 "Branch";
    .port_info 6 /OUTPUT 1 "ULASrc";
    .port_info 7 /OUTPUT 1 "RegDst";
    .port_info 8 /OUTPUT 1 "RegWrite";
    .port_info 9 /OUTPUT 3 "ULAControl";
P_0x5581582b3010 .param/l "WIDTH" 0 8 1, +C4<00000000000000000000000000000110>;
v0x5581582b31f0_0 .var "Branch", 0 0;
v0x5581582b32d0_0 .net "Funct", 5 0, L_0x5581582ce3d0;  1 drivers
v0x5581582b33b0_0 .var "Jump", 0 0;
v0x5581582b3450_0 .var "MemWrite", 0 0;
v0x5581582b3510_0 .var "MemtoReg", 0 0;
v0x5581582b3620_0 .net "OP", 5 0, L_0x5581582ce2e0;  1 drivers
v0x5581582b3700_0 .var "RegDst", 0 0;
v0x5581582b37c0_0 .var "RegWrite", 0 0;
v0x5581582b3860_0 .var "ULAControl", 2 0;
v0x5581582b3930_0 .var "ULASrc", 0 0;
E_0x55815820cfd0 .event edge, v0x5581582b3620_0, v0x5581582b32d0_0;
S_0x55815827ba60 .scope module, "Mod_Teste" "Mod_Teste" 9 17;
 .timescale 0 0;
    .port_info 0 /INPUT 1 "CLOCK_27";
    .port_info 1 /INPUT 1 "CLOCK_50";
    .port_info 2 /INPUT 4 "KEY";
    .port_info 3 /INPUT 18 "SW";
    .port_info 4 /OUTPUT 7 "HEX0";
    .port_info 5 /OUTPUT 7 "HEX1";
    .port_info 6 /OUTPUT 7 "HEX2";
    .port_info 7 /OUTPUT 7 "HEX3";
    .port_info 8 /OUTPUT 7 "HEX4";
    .port_info 9 /OUTPUT 7 "HEX5";
    .port_info 10 /OUTPUT 7 "HEX6";
    .port_info 11 /OUTPUT 7 "HEX7";
    .port_info 12 /OUTPUT 9 "LEDG";
    .port_info 13 /OUTPUT 18 "LEDR";
    .port_info 14 /OUTPUT 1 "UART_TXD";
    .port_info 15 /INPUT 1 "UART_RXD";
    .port_info 16 /INOUT 8 "LCD_DATA";
    .port_info 17 /OUTPUT 1 "LCD_ON";
    .port_info 18 /OUTPUT 1 "LCD_BLON";
    .port_info 19 /OUTPUT 1 "LCD_RW";
    .port_info 20 /OUTPUT 1 "LCD_EN";
    .port_info 21 /OUTPUT 1 "LCD_RS";
    .port_info 22 /INOUT 36 "GPIO_0";
    .port_info 23 /INOUT 36 "GPIO_1";
o0x7faf4e6a5d28 .functor BUFZ 1, C4<z>; HiZ drive
v0x5581582b9560_0 .net "CLOCK_27", 0 0, o0x7faf4e6a5d28;  0 drivers
o0x7faf4e6a4f78 .functor BUFZ 1, C4<z>; HiZ drive
v0x5581582b9640_0 .net "CLOCK_50", 0 0, o0x7faf4e6a4f78;  0 drivers
o0x7faf4e6a5d58 .functor BUFZ 36, C4<zzzzzzzzzzzzzzzzzzzzzzzzzzzzzzzzzzzz>; HiZ drive
v0x5581582b9700_0 .net "GPIO_0", 35 0, o0x7faf4e6a5d58;  0 drivers
o0x7faf4e6a5d88 .functor BUFZ 36, C4<zzzzzzzzzzzzzzzzzzzzzzzzzzzzzzzzzzzz>; HiZ drive
v0x5581582b97a0_0 .net "GPIO_1", 35 0, o0x7faf4e6a5d88;  0 drivers
o0x7faf4e6a5db8 .functor BUFZ 7, C4<zzzzzzz>; HiZ drive
v0x5581582b9880_0 .net "HEX0", 0 6, o0x7faf4e6a5db8;  0 drivers
o0x7faf4e6a5de8 .functor BUFZ 7, C4<zzzzzzz>; HiZ drive
v0x5581582b99b0_0 .net "HEX1", 0 6, o0x7faf4e6a5de8;  0 drivers
o0x7faf4e6a5e18 .functor BUFZ 7, C4<zzzzzzz>; HiZ drive
v0x5581582b9a90_0 .net "HEX2", 0 6, o0x7faf4e6a5e18;  0 drivers
o0x7faf4e6a5e48 .functor BUFZ 7, C4<zzzzzzz>; HiZ drive
v0x5581582b9b70_0 .net "HEX3", 0 6, o0x7faf4e6a5e48;  0 drivers
o0x7faf4e6a5e78 .functor BUFZ 7, C4<zzzzzzz>; HiZ drive
v0x5581582b9c50_0 .net "HEX4", 0 6, o0x7faf4e6a5e78;  0 drivers
o0x7faf4e6a5ea8 .functor BUFZ 7, C4<zzzzzzz>; HiZ drive
v0x5581582b9dc0_0 .net "HEX5", 0 6, o0x7faf4e6a5ea8;  0 drivers
o0x7faf4e6a5ed8 .functor BUFZ 7, C4<zzzzzzz>; HiZ drive
v0x5581582b9ea0_0 .net "HEX6", 0 6, o0x7faf4e6a5ed8;  0 drivers
o0x7faf4e6a5f08 .functor BUFZ 7, C4<zzzzzzz>; HiZ drive
v0x5581582b9f80_0 .net "HEX7", 0 6, o0x7faf4e6a5f08;  0 drivers
o0x7faf4e6a5f38 .functor BUFZ 4, C4<zzzz>; HiZ drive
v0x5581582ba060_0 .net "KEY", 3 0, o0x7faf4e6a5f38;  0 drivers
L_0x7faf4e65b330 .functor BUFT 1, C4<1>, C4<0>, C4<0>, C4<0>;
v0x5581582ba140_0 .net "LCD_BLON", 0 0, L_0x7faf4e65b330;  1 drivers
v0x5581582ba200_0 .net "LCD_DATA", 7 0, L_0x5581582cecc0;  1 drivers
v0x5581582ba2c0_0 .net "LCD_EN", 0 0, v0x5581582b5fc0_0;  1 drivers
L_0x7faf4e65b2e8 .functor BUFT 1, C4<1>, C4<0>, C4<0>, C4<0>;
v0x5581582ba3b0_0 .net "LCD_ON", 0 0, L_0x7faf4e65b2e8;  1 drivers
v0x5581582ba580_0 .net "LCD_RS", 0 0, L_0x5581582cf210;  1 drivers
L_0x7faf4e65b378 .functor BUFT 1, C4<0>, C4<0>, C4<0>, C4<0>;
v0x5581582ba670_0 .net "LCD_RW", 0 0, L_0x7faf4e65b378;  1 drivers
v0x5581582ba760_0 .net "LEDG", 8 0, L_0x5581582d0410;  1 drivers
v0x5581582ba840_0 .net "LEDR", 17 0, L_0x5581582d0320;  1 drivers
o0x7faf4e6a6028 .functor BUFZ 18, C4<zzzzzzzzzzzzzzzzzz>; HiZ drive
v0x5581582ba920_0 .net "SW", 17 0, o0x7faf4e6a6028;  0 drivers
o0x7faf4e6a6058 .functor BUFZ 1, C4<z>; HiZ drive
v0x5581582baa00_0 .net "UART_RXD", 0 0, o0x7faf4e6a6058;  0 drivers
o0x7faf4e6a6088 .functor BUFZ 1, C4<z>; HiZ drive
v0x5581582baac0_0 .net "UART_TXD", 0 0, o0x7faf4e6a6088;  0 drivers
o0x7faf4e6a5338 .functor BUFZ 8, C4<zzzzzzzz>; HiZ drive
v0x5581582bab80_0 .net "w_d0x0", 7 0, o0x7faf4e6a5338;  0 drivers
o0x7faf4e6a5368 .functor BUFZ 8, C4<zzzzzzzz>; HiZ drive
v0x5581582bac40_0 .net "w_d0x1", 7 0, o0x7faf4e6a5368;  0 drivers
o0x7faf4e6a5398 .functor BUFZ 8, C4<zzzzzzzz>; HiZ drive
v0x5581582bace0_0 .net "w_d0x2", 7 0, o0x7faf4e6a5398;  0 drivers
o0x7faf4e6a53c8 .functor BUFZ 8, C4<zzzzzzzz>; HiZ drive
v0x5581582bad80_0 .net "w_d0x3", 7 0, o0x7faf4e6a53c8;  0 drivers
o0x7faf4e6a53f8 .functor BUFZ 8, C4<zzzzzzzz>; HiZ drive
v0x5581582bae20_0 .net "w_d0x4", 7 0, o0x7faf4e6a53f8;  0 drivers
o0x7faf4e6a5428 .functor BUFZ 8, C4<zzzzzzzz>; HiZ drive
v0x5581582baec0_0 .net "w_d0x5", 7 0, o0x7faf4e6a5428;  0 drivers
o0x7faf4e6a5458 .functor BUFZ 8, C4<zzzzzzzz>; HiZ drive
v0x5581582baf60_0 .net "w_d1x0", 7 0, o0x7faf4e6a5458;  0 drivers
o0x7faf4e6a5488 .functor BUFZ 8, C4<zzzzzzzz>; HiZ drive
v0x5581582bb030_0 .net "w_d1x1", 7 0, o0x7faf4e6a5488;  0 drivers
o0x7faf4e6a54b8 .functor BUFZ 8, C4<zzzzzzzz>; HiZ drive
v0x5581582bb100_0 .net "w_d1x2", 7 0, o0x7faf4e6a54b8;  0 drivers
o0x7faf4e6a54e8 .functor BUFZ 8, C4<zzzzzzzz>; HiZ drive
v0x5581582bb3e0_0 .net "w_d1x3", 7 0, o0x7faf4e6a54e8;  0 drivers
o0x7faf4e6a5518 .functor BUFZ 8, C4<zzzzzzzz>; HiZ drive
v0x5581582bb4b0_0 .net "w_d1x4", 7 0, o0x7faf4e6a5518;  0 drivers
o0x7faf4e6a5548 .functor BUFZ 8, C4<zzzzzzzz>; HiZ drive
v0x5581582bb580_0 .net "w_d1x5", 7 0, o0x7faf4e6a5548;  0 drivers
L_0x5581582cf2d0 .part o0x7faf4e6a5f38, 0, 1;
L_0x5581582d0070 .part o0x7faf4e6a6028, 17, 1;
L_0x5581582d0160 .part o0x7faf4e6a6028, 0, 4;
L_0x5581582d0250 .part o0x7faf4e6a6028, 4, 4;
L_0x5581582d0320 .part/pv L_0x5581582cf460, 0, 4, 18;
L_0x5581582d0410 .part/pv L_0x5581582cf3c0, 0, 1, 9;
S_0x5581582b4c60 .scope module, "MyLCD" "LCD_TEST" 9 41, 10 1 0, S_0x55815827ba60;
 .timescale 0 0;
    .port_info 0 /INPUT 1 "iCLK";
    .port_info 1 /INPUT 1 "iRST_N";
    .port_info 2 /INPUT 8 "d0x0";
    .port_info 3 /INPUT 8 "d0x1";
    .port_info 4 /INPUT 8 "d0x2";
    .port_info 5 /INPUT 8 "d0x3";
    .port_info 6 /INPUT 8 "d0x4";
    .port_info 7 /INPUT 8 "d0x5";
    .port_info 8 /INPUT 8 "d1x0";
    .port_info 9 /INPUT 8 "d1x1";
    .port_info 10 /INPUT 8 "d1x2";
    .port_info 11 /INPUT 8 "d1x3";
    .port_info 12 /INPUT 8 "d1x4";
    .port_info 13 /INPUT 8 "d1x5";
    .port_info 14 /OUTPUT 8 "LCD_DATA";
    .port_info 15 /OUTPUT 1 "LCD_RW";
    .port_info 16 /OUTPUT 1 "LCD_EN";
    .port_info 17 /OUTPUT 1 "LCD_RS";
P_0x5581582b4e40 .param/l "LCD_CH_LINE" 0 10 26, +C4<000000000000000000000000000010101>;
P_0x5581582b4e80 .param/l "LCD_INTIAL" 0 10 23, +C4<00000000000000000000000000000000>;
P_0x5581582b4ec0 .param/l "LCD_LINE1" 0 10 25, +C4<00000000000000000000000000000101>;
P_0x5581582b4f00 .param/l "LCD_LINE2" 0 10 27, +C4<0000000000000000000000000000010110>;
P_0x5581582b4f40 .param/l "LCD_RESTART" 0 10 24, +C4<00000000000000000000000000000100>;
P_0x5581582b4f80 .param/l "LUT_SIZE" 0 10 28, +C4<000000000000000000000000000000100101>;
v0x5581582b6aa0_0 .net "LCD_DATA", 7 0, L_0x5581582cecc0;  alias, 1 drivers
v0x5581582b6b80_0 .net "LCD_EN", 0 0, v0x5581582b5fc0_0;  alias, 1 drivers
v0x5581582b6c50_0 .net "LCD_RS", 0 0, L_0x5581582cf210;  alias, 1 drivers
v0x5581582b6d50_0 .net "LCD_RW", 0 0, L_0x7faf4e65b378;  alias, 1 drivers
v0x5581582b6e20_0 .var "LUT_DATA", 8 0;
v0x5581582b6ec0_0 .var "LUT_INDEX", 5 0;
v0x5581582b6f60_0 .net "d0x0", 7 0, o0x7faf4e6a5338;  alias, 0 drivers
v0x5581582b7020_0 .net "d0x1", 7 0, o0x7faf4e6a5368;  alias, 0 drivers
v0x5581582b7100_0 .net "d0x2", 7 0, o0x7faf4e6a5398;  alias, 0 drivers
v0x5581582b7270_0 .net "d0x3", 7 0, o0x7faf4e6a53c8;  alias, 0 drivers
v0x5581582b7350_0 .net "d0x4", 7 0, o0x7faf4e6a53f8;  alias, 0 drivers
v0x5581582b7430_0 .net "d0x5", 7 0, o0x7faf4e6a5428;  alias, 0 drivers
v0x5581582b7510_0 .net "d1x0", 7 0, o0x7faf4e6a5458;  alias, 0 drivers
v0x5581582b75f0_0 .net "d1x1", 7 0, o0x7faf4e6a5488;  alias, 0 drivers
v0x5581582b76d0_0 .net "d1x2", 7 0, o0x7faf4e6a54b8;  alias, 0 drivers
v0x5581582b77b0_0 .net "d1x3", 7 0, o0x7faf4e6a54e8;  alias, 0 drivers
v0x5581582b7890_0 .net "d1x4", 7 0, o0x7faf4e6a5518;  alias, 0 drivers
v0x5581582b7a80_0 .net "d1x5", 7 0, o0x7faf4e6a5548;  alias, 0 drivers
v0x5581582b7b60_0 .net "iCLK", 0 0, o0x7faf4e6a4f78;  alias, 0 drivers
v0x5581582b7c00_0 .net "iRST_N", 0 0, L_0x5581582cf2d0;  1 drivers
v0x5581582b7cd0_0 .var "mDLY", 17 0;
v0x5581582b7d70_0 .var "mLCD_DATA", 7 0;
v0x5581582b7e60_0 .net "mLCD_Done", 0 0, v0x5581582b67e0_0;  1 drivers
v0x5581582b7f30_0 .var "mLCD_RS", 0 0;
v0x5581582b8000_0 .var "mLCD_ST", 5 0;
v0x5581582b80a0_0 .var "mLCD_Start", 0 0;
E_0x5581582b5500/0 .event edge, v0x5581582b6ec0_0, v0x5581582b6f60_0, v0x5581582b7020_0, v0x5581582b7100_0;
E_0x5581582b5500/1 .event edge, v0x5581582b7270_0, v0x5581582b7350_0, v0x5581582b7430_0, v0x5581582b7510_0;
E_0x5581582b5500/2 .event edge, v0x5581582b75f0_0, v0x5581582b76d0_0, v0x5581582b77b0_0, v0x5581582b7890_0;
E_0x5581582b5500/3 .event edge, v0x5581582b7a80_0;
E_0x5581582b5500 .event/or E_0x5581582b5500/0, E_0x5581582b5500/1, E_0x5581582b5500/2, E_0x5581582b5500/3;
S_0x5581582b55d0 .scope function.vec4.s9, "hex2char" "hex2char" 10 79, 10 79 0, S_0x5581582b4c60;
 .timescale 0 0;
v0x5581582b57d0_0 .var "h", 3 0;
; Variable hex2char is vec4 return value of scope S_0x5581582b55d0
TD_Mod_Teste.MyLCD.hex2char ;
    %load/vec4 v0x5581582b57d0_0;
    %pad/u 32;
    %cmpi/u 9, 0, 32;
    %flag_or 5, 4; GT is !LE
    %flag_inv 5;
    %flag_mov 8, 5;
    %jmp/0 T_0.0, 8;
    %pushi/vec4 311, 0, 9;
    %jmp/1 T_0.1, 8;
T_0.0 ; End of true expr.
    %pushi/vec4 304, 0, 9;
    %jmp/0 T_0.1, 8;
 ; End of false expr.
    %blend;
T_0.1;
    %load/vec4 v0x5581582b57d0_0;
    %pad/u 9;
    %add;
    %ret/vec4 0, 0, 9;  Assign to hex2char (store_vec4_to_lval)
    %end;
S_0x5581582b59b0 .scope module, "u0" "LCD_Controller" 10 133, 11 1 0, S_0x5581582b4c60;
 .timescale 0 0;
    .port_info 0 /INPUT 8 "iDATA";
    .port_info 1 /INPUT 1 "iRS";
    .port_info 2 /INPUT 1 "iStart";
    .port_info 3 /OUTPUT 1 "oDone";
    .port_info 4 /INPUT 1 "iCLK";
    .port_info 5 /INPUT 1 "iRST_N";
    .port_info 6 /OUTPUT 8 "LCD_DATA";
    .port_info 7 /OUTPUT 1 "LCD_RW";
    .port_info 8 /OUTPUT 1 "LCD_EN";
    .port_info 9 /OUTPUT 1 "LCD_RS";
P_0x5581582b5bb0 .param/l "CLK_Divide" 0 11 11, +C4<00000000000000000000000000010000>;
L_0x5581582cecc0 .functor BUFZ 8, v0x5581582b7d70_0, C4<00000000>, C4<00000000>, C4<00000000>;
L_0x5581582cf210 .functor BUFZ 1, v0x5581582b7f30_0, C4<0>, C4<0>, C4<0>;
v0x5581582b5de0_0 .var "Cont", 4 0;
v0x5581582b5ee0_0 .net "LCD_DATA", 7 0, L_0x5581582cecc0;  alias, 1 drivers
v0x5581582b5fc0_0 .var "LCD_EN", 0 0;
v0x5581582b6090_0 .net "LCD_RS", 0 0, L_0x5581582cf210;  alias, 1 drivers
v0x5581582b6150_0 .net "LCD_RW", 0 0, L_0x7faf4e65b378;  alias, 1 drivers
v0x5581582b6260_0 .var "ST", 1 0;
v0x5581582b6340_0 .net "iCLK", 0 0, o0x7faf4e6a4f78;  alias, 0 drivers
v0x5581582b6400_0 .net "iDATA", 7 0, v0x5581582b7d70_0;  1 drivers
v0x5581582b64e0_0 .net "iRS", 0 0, v0x5581582b7f30_0;  1 drivers
v0x5581582b65a0_0 .net "iRST_N", 0 0, L_0x5581582cf2d0;  alias, 1 drivers
v0x5581582b6660_0 .net "iStart", 0 0, v0x5581582b80a0_0;  1 drivers
v0x5581582b6720_0 .var "mStart", 0 0;
v0x5581582b67e0_0 .var "oDone", 0 0;
v0x5581582b68a0_0 .var "preStart", 0 0;
E_0x5581582b5d80/0 .event negedge, v0x5581582b65a0_0;
E_0x5581582b5d80/1 .event posedge, v0x5581582b6340_0;
E_0x5581582b5d80 .event/or E_0x5581582b5d80/0, E_0x5581582b5d80/1;
S_0x5581582b8410 .scope module, "minha_ula" "ULA" 9 58, 12 1 0, S_0x55815827ba60;
 .timescale 0 0;
    .port_info 0 /INPUT 1 "sel";
    .port_info 1 /INPUT 4 "input_a";
    .port_info 2 /INPUT 4 "input_b";
    .port_info 3 /OUTPUT 4 "output_s";
    .port_info 4 /OUTPUT 1 "ovf";
P_0x5581582b85c0 .param/l "WIDTH" 0 12 1, +C4<00000000000000000000000000000100>;
L_0x7faf4e65b408 .functor BUFT 1, C4<0>, C4<0>, C4<0>, C4<0>;
v0x5581582b5270_0 .net *"_ivl_10", 0 0, L_0x7faf4e65b408;  1 drivers
v0x5581582b8780_0 .net *"_ivl_11", 4 0, L_0x5581582cf820;  1 drivers
v0x5581582b8860_0 .net *"_ivl_13", 4 0, L_0x5581582cf9d0;  1 drivers
L_0x7faf4e65b450 .functor BUFT 1, C4<0>, C4<0>, C4<0>, C4<0>;
v0x5581582b8950_0 .net *"_ivl_16", 0 0, L_0x7faf4e65b450;  1 drivers
v0x5581582b8a30_0 .net *"_ivl_17", 4 0, L_0x5581582cfb50;  1 drivers
L_0x7faf4e65b498 .functor BUFT 1, C4<0>, C4<0>, C4<0>, C4<0>;
v0x5581582b8b60_0 .net *"_ivl_20", 0 0, L_0x7faf4e65b498;  1 drivers
v0x5581582b8c40_0 .net *"_ivl_21", 4 0, L_0x5581582cfda0;  1 drivers
v0x5581582b8d20_0 .net *"_ivl_23", 4 0, L_0x5581582cff30;  1 drivers
v0x5581582b8e00_0 .net *"_ivl_3", 4 0, L_0x5581582cf550;  1 drivers
L_0x7faf4e65b3c0 .functor BUFT 1, C4<0>, C4<0>, C4<0>, C4<0>;
v0x5581582b8ee0_0 .net *"_ivl_6", 0 0, L_0x7faf4e65b3c0;  1 drivers
v0x5581582b8fc0_0 .net *"_ivl_7", 4 0, L_0x5581582cf6a0;  1 drivers
v0x5581582b90a0_0 .net "input_a", 3 0, L_0x5581582d0160;  1 drivers
v0x5581582b9180_0 .net "input_b", 3 0, L_0x5581582d0250;  1 drivers
v0x5581582b9260_0 .net "output_s", 3 0, L_0x5581582cf460;  1 drivers
v0x5581582b9340_0 .net "ovf", 0 0, L_0x5581582cf3c0;  1 drivers
v0x5581582b9400_0 .net "sel", 0 0, L_0x5581582d0070;  1 drivers
L_0x5581582cf3c0 .part L_0x5581582cff30, 4, 1;
L_0x5581582cf460 .part L_0x5581582cff30, 0, 4;
L_0x5581582cf550 .concat [ 4 1 0 0], L_0x5581582d0160, L_0x7faf4e65b3c0;
L_0x5581582cf6a0 .concat [ 4 1 0 0], L_0x5581582d0250, L_0x7faf4e65b408;
L_0x5581582cf820 .arith/sub 5, L_0x5581582cf550, L_0x5581582cf6a0;
L_0x5581582cf9d0 .concat [ 4 1 0 0], L_0x5581582d0160, L_0x7faf4e65b450;
L_0x5581582cfb50 .concat [ 4 1 0 0], L_0x5581582d0250, L_0x7faf4e65b498;
L_0x5581582cfda0 .arith/sum 5, L_0x5581582cf9d0, L_0x5581582cfb50;
L_0x5581582cff30 .functor MUXZ 5, L_0x5581582cfda0, L_0x5581582cf820, L_0x5581582d0070, C4<>;
S_0x558158283050 .scope module, "decod_hexa2_7seg" "decod_hexa2_7seg" 13 1;
 .timescale 0 0;
    .port_info 0 /INPUT 4 "bincode";
    .port_info 1 /OUTPUT 7 "pinoutdisplay7segment";
o0x7faf4e6a6538 .functor BUFZ 4, C4<zzzz>; HiZ drive
v0x5581582bbaf0_0 .net "bincode", 3 0, o0x7faf4e6a6538;  0 drivers
L_0x7faf4e65b4e0 .functor BUFT 1, C4<1111110>, C4<0>, C4<0>, C4<0>;
v0x5581582bbbf0 .array "map_leds", 0 15;
v0x5581582bbbf0_0 .net v0x5581582bbbf0 0, 6 0, L_0x7faf4e65b4e0; 1 drivers
L_0x7faf4e65b528 .functor BUFT 1, C4<0110000>, C4<0>, C4<0>, C4<0>;
v0x5581582bbbf0_1 .net v0x5581582bbbf0 1, 6 0, L_0x7faf4e65b528; 1 drivers
L_0x7faf4e65b570 .functor BUFT 1, C4<1101101>, C4<0>, C4<0>, C4<0>;
v0x5581582bbbf0_2 .net v0x5581582bbbf0 2, 6 0, L_0x7faf4e65b570; 1 drivers
L_0x7faf4e65b5b8 .functor BUFT 1, C4<1111001>, C4<0>, C4<0>, C4<0>;
v0x5581582bbbf0_3 .net v0x5581582bbbf0 3, 6 0, L_0x7faf4e65b5b8; 1 drivers
L_0x7faf4e65b600 .functor BUFT 1, C4<0111011>, C4<0>, C4<0>, C4<0>;
v0x5581582bbbf0_4 .net v0x5581582bbbf0 4, 6 0, L_0x7faf4e65b600; 1 drivers
L_0x7faf4e65b648 .functor BUFT 1, C4<1011011>, C4<0>, C4<0>, C4<0>;
v0x5581582bbbf0_5 .net v0x5581582bbbf0 5, 6 0, L_0x7faf4e65b648; 1 drivers
L_0x7faf4e65b690 .functor BUFT 1, C4<1011111>, C4<0>, C4<0>, C4<0>;
v0x5581582bbbf0_6 .net v0x5581582bbbf0 6, 6 0, L_0x7faf4e65b690; 1 drivers
L_0x7faf4e65b6d8 .functor BUFT 1, C4<1110000>, C4<0>, C4<0>, C4<0>;
v0x5581582bbbf0_7 .net v0x5581582bbbf0 7, 6 0, L_0x7faf4e65b6d8; 1 drivers
L_0x7faf4e65b720 .functor BUFT 1, C4<1111111>, C4<0>, C4<0>, C4<0>;
v0x5581582bbbf0_8 .net v0x5581582bbbf0 8, 6 0, L_0x7faf4e65b720; 1 drivers
L_0x7faf4e65b768 .functor BUFT 1, C4<1111011>, C4<0>, C4<0>, C4<0>;
v0x5581582bbbf0_9 .net v0x5581582bbbf0 9, 6 0, L_0x7faf4e65b768; 1 drivers
L_0x7faf4e65b7b0 .functor BUFT 1, C4<1110111>, C4<0>, C4<0>, C4<0>;
v0x5581582bbbf0_10 .net v0x5581582bbbf0 10, 6 0, L_0x7faf4e65b7b0; 1 drivers
L_0x7faf4e65b7f8 .functor BUFT 1, C4<0011111>, C4<0>, C4<0>, C4<0>;
v0x5581582bbbf0_11 .net v0x5581582bbbf0 11, 6 0, L_0x7faf4e65b7f8; 1 drivers
L_0x7faf4e65b840 .functor BUFT 1, C4<1001110>, C4<0>, C4<0>, C4<0>;
v0x5581582bbbf0_12 .net v0x5581582bbbf0 12, 6 0, L_0x7faf4e65b840; 1 drivers
L_0x7faf4e65b888 .functor BUFT 1, C4<0111101>, C4<0>, C4<0>, C4<0>;
v0x5581582bbbf0_13 .net v0x5581582bbbf0 13, 6 0, L_0x7faf4e65b888; 1 drivers
L_0x7faf4e65b8d0 .functor BUFT 1, C4<1001111>, C4<0>, C4<0>, C4<0>;
v0x5581582bbbf0_14 .net v0x5581582bbbf0 14, 6 0, L_0x7faf4e65b8d0; 1 drivers
L_0x7faf4e65b918 .functor BUFT 1, C4<1000111>, C4<0>, C4<0>, C4<0>;
v0x5581582bbbf0_15 .net v0x5581582bbbf0 15, 6 0, L_0x7faf4e65b918; 1 drivers
v0x5581582bbeb0_0 .var "pinoutdisplay7segment", 6 0;
E_0x5581582bba00/0 .event edge, v0x5581582bbaf0_0, v0x5581582bbbf0_0, v0x5581582bbbf0_1, v0x5581582bbbf0_2;
E_0x5581582bba00/1 .event edge, v0x5581582bbbf0_3, v0x5581582bbbf0_4, v0x5581582bbbf0_5, v0x5581582bbbf0_6;
E_0x5581582bba00/2 .event edge, v0x5581582bbbf0_7, v0x5581582bbbf0_8, v0x5581582bbbf0_9, v0x5581582bbbf0_10;
E_0x5581582bba00/3 .event edge, v0x5581582bbbf0_11, v0x5581582bbbf0_12, v0x5581582bbbf0_13, v0x5581582bbbf0_14;
E_0x5581582bba00/4 .event edge, v0x5581582bbbf0_15;
E_0x5581582bba00 .event/or E_0x5581582bba00/0, E_0x5581582bba00/1, E_0x5581582bba00/2, E_0x5581582bba00/3, E_0x5581582bba00/4;
S_0x55815825ed40 .scope module, "frequencydivider" "frequencydivider" 14 2;
 .timescale 0 0;
    .port_info 0 /INPUT 1 "clk";
    .port_info 1 /INPUT 1 "rst";
    .port_info 2 /OUTPUT 1 "myclk";
P_0x55815825ea60 .param/l "flag_ovf_mytime" 0 14 7, C4<001011111010111100001000000>;
P_0x55815825eaa0 .param/l "mytime" 0 14 2, +C4<00000000000000000000000000000001>;
o0x7faf4e6a68f8 .functor BUFZ 1, C4<z>; HiZ drive
v0x5581582bc060_0 .net "clk", 0 0, o0x7faf4e6a68f8;  0 drivers
v0x5581582bc140_0 .var "counter", 26 0;
v0x5581582bc220_0 .var "myclk", 0 0;
o0x7faf4e6a6988 .functor BUFZ 1, C4<z>; HiZ drive
v0x5581582bc2f0_0 .net "rst", 0 0, o0x7faf4e6a6988;  0 drivers
E_0x5581582bc000 .event posedge, v0x5581582bc060_0;
S_0x55815829e280 .scope module, "seven_segment_loop" "seven_segment_loop" 15 2;
 .timescale 0 0;
    .port_info 0 /INPUT 1 "clk";
    .port_info 1 /OUTPUT 7 "pinoutdisplay7segment";
L_0x5581582cf8c0 .functor NOT 7, L_0x5581582d1060, C4<0000000>, C4<0000000>, C4<0000000>;
v0x5581582bca10_0 .net *"_ivl_21", 31 0, L_0x5581582d0a50;  1 drivers
L_0x7faf4e65bb58 .functor BUFT 1, C4<0000000000000000000000000000>, C4<0>, C4<0>, C4<0>;
v0x5581582bcaf0_0 .net *"_ivl_24", 27 0, L_0x7faf4e65bb58;  1 drivers
L_0x7faf4e65bba0 .functor BUFT 1, C4<00000000000000000000000000000111>, C4<0>, C4<0>, C4<0>;
v0x5581582bcbd0_0 .net/2u *"_ivl_25", 31 0, L_0x7faf4e65bba0;  1 drivers
v0x5581582bccc0_0 .net *"_ivl_27", 0 0, L_0x5581582d0bc0;  1 drivers
L_0x7faf4e65bbe8 .functor BUFT 1, C4<01>, C4<0>, C4<0>, C4<0>;
v0x5581582bcd80_0 .net/2s *"_ivl_29", 1 0, L_0x7faf4e65bbe8;  1 drivers
L_0x7faf4e65bc30 .functor BUFT 1, C4<00>, C4<0>, C4<0>, C4<0>;
v0x5581582bceb0_0 .net/2s *"_ivl_31", 1 0, L_0x7faf4e65bc30;  1 drivers
v0x5581582bcf90_0 .net *"_ivl_33", 1 0, L_0x5581582d0d30;  1 drivers
v0x5581582bd070_0 .net *"_ivl_37", 6 0, L_0x5581582d1060;  1 drivers
v0x5581582bd150_0 .net *"_ivl_39", 4 0, L_0x5581582d1100;  1 drivers
L_0x7faf4e65bc78 .functor BUFT 1, C4<0>, C4<0>, C4<0>, C4<0>;
v0x5581582bd2c0_0 .net *"_ivl_42", 0 0, L_0x7faf4e65bc78;  1 drivers
o0x7faf4e6a6a48 .functor BUFZ 1, C4<z>; HiZ drive
v0x5581582bd3a0_0 .net "clk", 0 0, o0x7faf4e6a6a48;  0 drivers
v0x5581582bd440_0 .net "counter_value", 3 0, v0x5581582bc7e0_0;  1 drivers
L_0x7faf4e65b960 .functor BUFT 1, C4<0000001>, C4<0>, C4<0>, C4<0>;
v0x5581582bd510 .array "map_leds", 0 6;
v0x5581582bd510_0 .net v0x5581582bd510 0, 6 0, L_0x7faf4e65b960; 1 drivers
L_0x7faf4e65b9a8 .functor BUFT 1, C4<0000010>, C4<0>, C4<0>, C4<0>;
v0x5581582bd510_1 .net v0x5581582bd510 1, 6 0, L_0x7faf4e65b9a8; 1 drivers
L_0x7faf4e65b9f0 .functor BUFT 1, C4<0000100>, C4<0>, C4<0>, C4<0>;
v0x5581582bd510_2 .net v0x5581582bd510 2, 6 0, L_0x7faf4e65b9f0; 1 drivers
L_0x7faf4e65ba38 .functor BUFT 1, C4<0001000>, C4<0>, C4<0>, C4<0>;
v0x5581582bd510_3 .net v0x5581582bd510 3, 6 0, L_0x7faf4e65ba38; 1 drivers
L_0x7faf4e65ba80 .functor BUFT 1, C4<0010000>, C4<0>, C4<0>, C4<0>;
v0x5581582bd510_4 .net v0x5581582bd510 4, 6 0, L_0x7faf4e65ba80; 1 drivers
L_0x7faf4e65bac8 .functor BUFT 1, C4<0100000>, C4<0>, C4<0>, C4<0>;
v0x5581582bd510_5 .net v0x5581582bd510 5, 6 0, L_0x7faf4e65bac8; 1 drivers
L_0x7faf4e65bb10 .functor BUFT 1, C4<1000000>, C4<0>, C4<0>, C4<0>;
v0x5581582bd510_6 .net v0x5581582bd510 6, 6 0, L_0x7faf4e65bb10; 1 drivers
v0x5581582bd6d0_0 .net "pinoutdisplay7segment", 6 0, L_0x5581582cf8c0;  1 drivers
v0x5581582bd7b0_0 .net "rst", 0 0, L_0x5581582d0ef0;  1 drivers
L_0x5581582d0a50 .concat [ 4 28 0 0], v0x5581582bc7e0_0, L_0x7faf4e65bb58;
L_0x5581582d0bc0 .cmp/eq 32, L_0x5581582d0a50, L_0x7faf4e65bba0;
L_0x5581582d0d30 .functor MUXZ 2, L_0x7faf4e65bc30, L_0x7faf4e65bbe8, L_0x5581582d0bc0, C4<>;
L_0x5581582d0ef0 .part L_0x5581582d0d30, 0, 1;
L_0x5581582d1060 .array/port v0x5581582bd510, L_0x5581582d1100;
L_0x5581582d1100 .concat [ 4 1 0 0], v0x5581582bc7e0_0, L_0x7faf4e65bc78;
S_0x5581582bc430 .scope module, "my_counter" "count_M10" 15 16, 16 1 0, S_0x55815829e280;
 .timescale 0 0;
    .port_info 0 /INPUT 1 "clk";
    .port_info 1 /INPUT 1 "rst";
    .port_info 2 /OUTPUT 4 "counter_value";
v0x5581582bc700_0 .net "clk", 0 0, o0x7faf4e6a6a48;  alias, 0 drivers
v0x5581582bc7e0_0 .var "counter_value", 3 0;
v0x5581582bc8c0_0 .net "rst", 0 0, L_0x5581582d0ef0;  alias, 1 drivers
E_0x5581582bc680 .event posedge, v0x5581582bc700_0;
    .scope S_0x5581582b0bd0;
T_1 ;
    %wait E_0x558158265530;
    %load/vec4 v0x558158281c50_0;
    %assign/vec4 v0x558158281eb0_0, 0;
    %jmp T_1;
    .thread T_1;
    .scope S_0x5581582b2de0;
T_2 ;
Ewait_0 .event/or E_0x55815820cfd0, E_0x0;
    %wait Ewait_0;
    %load/vec4 v0x5581582b3620_0;
    %load/vec4 v0x5581582b32d0_0;
    %concat/vec4; draw_concat_vec4
    %dup/vec4;
    %pushi/vec4 32, 0, 12;
    %cmp/x;
    %jmp/1 T_2.0, 4;
    %dup/vec4;
    %pushi/vec4 34, 0, 12;
    %cmp/x;
    %jmp/1 T_2.1, 4;
    %dup/vec4;
    %pushi/vec4 36, 0, 12;
    %cmp/x;
    %jmp/1 T_2.2, 4;
    %dup/vec4;
    %pushi/vec4 37, 0, 12;
    %cmp/x;
    %jmp/1 T_2.3, 4;
    %dup/vec4;
    %pushi/vec4 42, 0, 12;
    %cmp/x;
    %jmp/1 T_2.4, 4;
    %dup/vec4;
    %pushi/vec4 2303, 63, 12;
    %cmp/x;
    %jmp/1 T_2.5, 4;
    %dup/vec4;
    %pushi/vec4 2815, 63, 12;
    %cmp/x;
    %jmp/1 T_2.6, 4;
    %dup/vec4;
    %pushi/vec4 319, 63, 12;
    %cmp/x;
    %jmp/1 T_2.7, 4;
    %dup/vec4;
    %pushi/vec4 575, 63, 12;
    %cmp/x;
    %jmp/1 T_2.8, 4;
    %dup/vec4;
    %pushi/vec4 191, 63, 12;
    %cmp/x;
    %jmp/1 T_2.9, 4;
    %pushi/vec4 0, 0, 10;
    %split/vec4 1;
    %store/vec4 v0x5581582b33b0_0, 0, 1;
    %split/vec4 1;
    %store/vec4 v0x5581582b3510_0, 0, 1;
    %split/vec4 1;
    %store/vec4 v0x5581582b3450_0, 0, 1;
    %split/vec4 1;
    %store/vec4 v0x5581582b31f0_0, 0, 1;
    %split/vec4 3;
    %store/vec4 v0x5581582b3860_0, 0, 3;
    %split/vec4 1;
    %store/vec4 v0x5581582b3930_0, 0, 1;
    %split/vec4 1;
    %store/vec4 v0x5581582b3700_0, 0, 1;
    %store/vec4 v0x5581582b37c0_0, 0, 1;
    %jmp T_2.11;
T_2.0 ;
    %pushi/vec4 800, 0, 10;
    %split/vec4 1;
    %store/vec4 v0x5581582b33b0_0, 0, 1;
    %split/vec4 1;
    %store/vec4 v0x5581582b3510_0, 0, 1;
    %split/vec4 1;
    %store/vec4 v0x5581582b3450_0, 0, 1;
    %split/vec4 1;
    %store/vec4 v0x5581582b31f0_0, 0, 1;
    %split/vec4 3;
    %store/vec4 v0x5581582b3860_0, 0, 3;
    %split/vec4 1;
    %store/vec4 v0x5581582b3930_0, 0, 1;
    %split/vec4 1;
    %store/vec4 v0x5581582b3700_0, 0, 1;
    %store/vec4 v0x5581582b37c0_0, 0, 1;
    %jmp T_2.11;
T_2.1 ;
    %pushi/vec4 864, 0, 10;
    %split/vec4 1;
    %store/vec4 v0x5581582b33b0_0, 0, 1;
    %split/vec4 1;
    %store/vec4 v0x5581582b3510_0, 0, 1;
    %split/vec4 1;
    %store/vec4 v0x5581582b3450_0, 0, 1;
    %split/vec4 1;
    %store/vec4 v0x5581582b31f0_0, 0, 1;
    %split/vec4 3;
    %store/vec4 v0x5581582b3860_0, 0, 3;
    %split/vec4 1;
    %store/vec4 v0x5581582b3930_0, 0, 1;
    %split/vec4 1;
    %store/vec4 v0x5581582b3700_0, 0, 1;
    %store/vec4 v0x5581582b37c0_0, 0, 1;
    %jmp T_2.11;
T_2.2 ;
    %pushi/vec4 768, 0, 10;
    %split/vec4 1;
    %store/vec4 v0x5581582b33b0_0, 0, 1;
    %split/vec4 1;
    %store/vec4 v0x5581582b3510_0, 0, 1;
    %split/vec4 1;
    %store/vec4 v0x5581582b3450_0, 0, 1;
    %split/vec4 1;
    %store/vec4 v0x5581582b31f0_0, 0, 1;
    %split/vec4 3;
    %store/vec4 v0x5581582b3860_0, 0, 3;
    %split/vec4 1;
    %store/vec4 v0x5581582b3930_0, 0, 1;
    %split/vec4 1;
    %store/vec4 v0x5581582b3700_0, 0, 1;
    %store/vec4 v0x5581582b37c0_0, 0, 1;
    %jmp T_2.11;
T_2.3 ;
    %pushi/vec4 784, 0, 10;
    %split/vec4 1;
    %store/vec4 v0x5581582b33b0_0, 0, 1;
    %split/vec4 1;
    %store/vec4 v0x5581582b3510_0, 0, 1;
    %split/vec4 1;
    %store/vec4 v0x5581582b3450_0, 0, 1;
    %split/vec4 1;
    %store/vec4 v0x5581582b31f0_0, 0, 1;
    %split/vec4 3;
    %store/vec4 v0x5581582b3860_0, 0, 3;
    %split/vec4 1;
    %store/vec4 v0x5581582b3930_0, 0, 1;
    %split/vec4 1;
    %store/vec4 v0x5581582b3700_0, 0, 1;
    %store/vec4 v0x5581582b37c0_0, 0, 1;
    %jmp T_2.11;
T_2.4 ;
    %pushi/vec4 880, 0, 10;
    %split/vec4 1;
    %store/vec4 v0x5581582b33b0_0, 0, 1;
    %split/vec4 1;
    %store/vec4 v0x5581582b3510_0, 0, 1;
    %split/vec4 1;
    %store/vec4 v0x5581582b3450_0, 0, 1;
    %split/vec4 1;
    %store/vec4 v0x5581582b31f0_0, 0, 1;
    %split/vec4 3;
    %store/vec4 v0x5581582b3860_0, 0, 3;
    %split/vec4 1;
    %store/vec4 v0x5581582b3930_0, 0, 1;
    %split/vec4 1;
    %store/vec4 v0x5581582b3700_0, 0, 1;
    %store/vec4 v0x5581582b37c0_0, 0, 1;
    %jmp T_2.11;
T_2.5 ;
    %pushi/vec4 674, 0, 10;
    %split/vec4 1;
    %store/vec4 v0x5581582b33b0_0, 0, 1;
    %split/vec4 1;
    %store/vec4 v0x5581582b3510_0, 0, 1;
    %split/vec4 1;
    %store/vec4 v0x5581582b3450_0, 0, 1;
    %split/vec4 1;
    %store/vec4 v0x5581582b31f0_0, 0, 1;
    %split/vec4 3;
    %store/vec4 v0x5581582b3860_0, 0, 3;
    %split/vec4 1;
    %store/vec4 v0x5581582b3930_0, 0, 1;
    %split/vec4 1;
    %store/vec4 v0x5581582b3700_0, 0, 1;
    %store/vec4 v0x5581582b37c0_0, 0, 1;
    %jmp T_2.11;
T_2.6 ;
    %pushi/vec4 422, 258, 10;
    %split/vec4 1;
    %store/vec4 v0x5581582b33b0_0, 0, 1;
    %split/vec4 1;
    %store/vec4 v0x5581582b3510_0, 0, 1;
    %split/vec4 1;
    %store/vec4 v0x5581582b3450_0, 0, 1;
    %split/vec4 1;
    %store/vec4 v0x5581582b31f0_0, 0, 1;
    %split/vec4 3;
    %store/vec4 v0x5581582b3860_0, 0, 3;
    %split/vec4 1;
    %store/vec4 v0x5581582b3930_0, 0, 1;
    %split/vec4 1;
    %store/vec4 v0x5581582b3700_0, 0, 1;
    %store/vec4 v0x5581582b37c0_0, 0, 1;
    %jmp T_2.11;
T_2.7 ;
    %pushi/vec4 362, 258, 10;
    %split/vec4 1;
    %store/vec4 v0x5581582b33b0_0, 0, 1;
    %split/vec4 1;
    %store/vec4 v0x5581582b3510_0, 0, 1;
    %split/vec4 1;
    %store/vec4 v0x5581582b3450_0, 0, 1;
    %split/vec4 1;
    %store/vec4 v0x5581582b31f0_0, 0, 1;
    %split/vec4 3;
    %store/vec4 v0x5581582b3860_0, 0, 3;
    %split/vec4 1;
    %store/vec4 v0x5581582b3930_0, 0, 1;
    %split/vec4 1;
    %store/vec4 v0x5581582b3700_0, 0, 1;
    %store/vec4 v0x5581582b37c0_0, 0, 1;
    %jmp T_2.11;
T_2.8 ;
    %pushi/vec4 672, 0, 10;
    %split/vec4 1;
    %store/vec4 v0x5581582b33b0_0, 0, 1;
    %split/vec4 1;
    %store/vec4 v0x5581582b3510_0, 0, 1;
    %split/vec4 1;
    %store/vec4 v0x5581582b3450_0, 0, 1;
    %split/vec4 1;
    %store/vec4 v0x5581582b31f0_0, 0, 1;
    %split/vec4 3;
    %store/vec4 v0x5581582b3860_0, 0, 3;
    %split/vec4 1;
    %store/vec4 v0x5581582b3930_0, 0, 1;
    %split/vec4 1;
    %store/vec4 v0x5581582b3700_0, 0, 1;
    %store/vec4 v0x5581582b37c0_0, 0, 1;
    %jmp T_2.11;
T_2.9 ;
    %pushi/vec4 507, 506, 10;
    %split/vec4 1;
    %store/vec4 v0x5581582b33b0_0, 0, 1;
    %split/vec4 1;
    %store/vec4 v0x5581582b3510_0, 0, 1;
    %split/vec4 1;
    %store/vec4 v0x5581582b3450_0, 0, 1;
    %split/vec4 1;
    %store/vec4 v0x5581582b31f0_0, 0, 1;
    %split/vec4 3;
    %store/vec4 v0x5581582b3860_0, 0, 3;
    %split/vec4 1;
    %store/vec4 v0x5581582b3930_0, 0, 1;
    %split/vec4 1;
    %store/vec4 v0x5581582b3700_0, 0, 1;
    %store/vec4 v0x5581582b37c0_0, 0, 1;
    %jmp T_2.11;
T_2.11 ;
    %pop/vec4 1;
    %jmp T_2;
    .thread T_2, $push;
    .scope S_0x5581582b10e0;
T_3 ;
    %pushi/vec4 0, 0, 8;
    %ix/load 4, 0, 0;
    %flag_set/imm 4, 0;
    %store/vec4a v0x5581582b1b00, 4, 0;
    %end;
    .thread T_3;
    .scope S_0x5581582b10e0;
T_4 ;
    %wait E_0x558158265530;
    %load/vec4 v0x5581582b20e0_0;
    %load/vec4 v0x5581582b1f20_0;
    %pad/u 32;
    %pushi/vec4 0, 0, 32;
    %cmp/ne;
    %flag_get/vec4 4;
    %and;
    %flag_set/vec4 8;
    %jmp/0xz  T_4.0, 8;
    %load/vec4 v0x5581582b2000_0;
    %load/vec4 v0x5581582b1f20_0;
    %pad/u 5;
    %ix/vec4 3;
    %ix/load 4, 0, 0; Constant delay
    %assign/vec4/a/d v0x5581582b1b00, 0, 4;
T_4.0 ;
    %jmp T_4;
    .thread T_4;
    .scope S_0x5581582b22a0;
T_5 ;
Ewait_1 .event/or E_0x558158264100, E_0x0;
    %wait Ewait_1;
    %load/vec4 v0x5581582b27d0_0;
    %dup/vec4;
    %pushi/vec4 0, 0, 3;
    %cmp/u;
    %jmp/1 T_5.0, 6;
    %dup/vec4;
    %pushi/vec4 1, 0, 3;
    %cmp/u;
    %jmp/1 T_5.1, 6;
    %dup/vec4;
    %pushi/vec4 2, 0, 3;
    %cmp/u;
    %jmp/1 T_5.2, 6;
    %dup/vec4;
    %pushi/vec4 6, 0, 3;
    %cmp/u;
    %jmp/1 T_5.3, 6;
    %dup/vec4;
    %pushi/vec4 7, 0, 3;
    %cmp/u;
    %jmp/1 T_5.4, 6;
    %pushi/vec4 0, 0, 8;
    %store/vec4 v0x5581582b28c0_0, 0, 8;
    %jmp T_5.6;
T_5.0 ;
    %load/vec4 v0x5581582b2600_0;
    %load/vec4 v0x5581582b2710_0;
    %and;
    %store/vec4 v0x5581582b28c0_0, 0, 8;
    %jmp T_5.6;
T_5.1 ;
    %load/vec4 v0x5581582b2600_0;
    %load/vec4 v0x5581582b2710_0;
    %or;
    %store/vec4 v0x5581582b28c0_0, 0, 8;
    %jmp T_5.6;
T_5.2 ;
    %load/vec4 v0x5581582b2600_0;
    %load/vec4 v0x5581582b2710_0;
    %add;
    %store/vec4 v0x5581582b28c0_0, 0, 8;
    %jmp T_5.6;
T_5.3 ;
    %load/vec4 v0x5581582b2600_0;
    %load/vec4 v0x5581582b2710_0;
    %inv;
    %add;
    %addi 1, 0, 8;
    %store/vec4 v0x5581582b28c0_0, 0, 8;
    %jmp T_5.6;
T_5.4 ;
    %load/vec4 v0x5581582b2600_0;
    %load/vec4 v0x5581582b2710_0;
    %cmp/u;
    %flag_get/vec4 5;
    %pad/u 8;
    %store/vec4 v0x5581582b28c0_0, 0, 8;
    %jmp T_5.6;
T_5.6 ;
    %pop/vec4 1;
    %jmp T_5;
    .thread T_5, $push;
    .scope S_0x5581582b59b0;
T_6 ;
    %wait E_0x5581582b5d80;
    %load/vec4 v0x5581582b65a0_0;
    %nor/r;
    %flag_set/vec4 8;
    %jmp/0xz  T_6.0, 8;
    %pushi/vec4 0, 0, 1;
    %assign/vec4 v0x5581582b67e0_0, 0;
    %pushi/vec4 0, 0, 1;
    %assign/vec4 v0x5581582b5fc0_0, 0;
    %pushi/vec4 0, 0, 1;
    %assign/vec4 v0x5581582b68a0_0, 0;
    %pushi/vec4 0, 0, 1;
    %assign/vec4 v0x5581582b6720_0, 0;
    %pushi/vec4 0, 0, 5;
    %assign/vec4 v0x5581582b5de0_0, 0;
    %pushi/vec4 0, 0, 2;
    %assign/vec4 v0x5581582b6260_0, 0;
    %jmp T_6.1;
T_6.0 ;
    %load/vec4 v0x5581582b6660_0;
    %assign/vec4 v0x5581582b68a0_0, 0;
    %load/vec4 v0x5581582b68a0_0;
    %load/vec4 v0x5581582b6660_0;
    %concat/vec4; draw_concat_vec4
    %cmpi/e 1, 0, 2;
    %jmp/0xz  T_6.2, 4;
    %pushi/vec4 1, 0, 1;
    %assign/vec4 v0x5581582b6720_0, 0;
    %pushi/vec4 0, 0, 1;
    %assign/vec4 v0x5581582b67e0_0, 0;
T_6.2 ;
    %load/vec4 v0x5581582b6720_0;
    %flag_set/vec4 8;
    %jmp/0xz  T_6.4, 8;
    %load/vec4 v0x5581582b6260_0;
    %dup/vec4;
    %pushi/vec4 0, 0, 2;
    %cmp/u;
    %jmp/1 T_6.6, 6;
    %dup/vec4;
    %pushi/vec4 1, 0, 2;
    %cmp/u;
    %jmp/1 T_6.7, 6;
    %dup/vec4;
    %pushi/vec4 2, 0, 2;
    %cmp/u;
    %jmp/1 T_6.8, 6;
    %dup/vec4;
    %pushi/vec4 3, 0, 2;
    %cmp/u;
    %jmp/1 T_6.9, 6;
    %jmp T_6.10;
T_6.6 ;
    %pushi/vec4 1, 0, 2;
    %assign/vec4 v0x5581582b6260_0, 0;
    %jmp T_6.10;
T_6.7 ;
    %pushi/vec4 1, 0, 1;
    %assign/vec4 v0x5581582b5fc0_0, 0;
    %pushi/vec4 2, 0, 2;
    %assign/vec4 v0x5581582b6260_0, 0;
    %jmp T_6.10;
T_6.8 ;
    %load/vec4 v0x5581582b5de0_0;
    %pad/u 32;
    %cmpi/u 16, 0, 32;
    %jmp/0xz  T_6.11, 5;
    %load/vec4 v0x5581582b5de0_0;
    %addi 1, 0, 5;
    %assign/vec4 v0x5581582b5de0_0, 0;
    %jmp T_6.12;
T_6.11 ;
    %pushi/vec4 3, 0, 2;
    %assign/vec4 v0x5581582b6260_0, 0;
T_6.12 ;
    %jmp T_6.10;
T_6.9 ;
    %pushi/vec4 0, 0, 1;
    %assign/vec4 v0x5581582b5fc0_0, 0;
    %pushi/vec4 0, 0, 1;
    %assign/vec4 v0x5581582b6720_0, 0;
    %pushi/vec4 1, 0, 1;
    %assign/vec4 v0x5581582b67e0_0, 0;
    %pushi/vec4 0, 0, 5;
    %assign/vec4 v0x5581582b5de0_0, 0;
    %pushi/vec4 0, 0, 2;
    %assign/vec4 v0x5581582b6260_0, 0;
    %jmp T_6.10;
T_6.10 ;
    %pop/vec4 1;
T_6.4 ;
T_6.1 ;
    %jmp T_6;
    .thread T_6;
    .scope S_0x5581582b4c60;
T_7 ;
    %wait E_0x5581582b5d80;
    %load/vec4 v0x5581582b7c00_0;
    %nor/r;
    %flag_set/vec4 8;
    %jmp/0xz  T_7.0, 8;
    %pushi/vec4 0, 0, 6;
    %assign/vec4 v0x5581582b6ec0_0, 0;
    %pushi/vec4 0, 0, 6;
    %assign/vec4 v0x5581582b8000_0, 0;
    %pushi/vec4 0, 0, 18;
    %assign/vec4 v0x5581582b7cd0_0, 0;
    %pushi/vec4 0, 0, 1;
    %assign/vec4 v0x5581582b80a0_0, 0;
    %pushi/vec4 0, 0, 8;
    %assign/vec4 v0x5581582b7d70_0, 0;
    %pushi/vec4 0, 0, 1;
    %assign/vec4 v0x5581582b7f30_0, 0;
    %jmp T_7.1;
T_7.0 ;
    %load/vec4 v0x5581582b8000_0;
    %dup/vec4;
    %pushi/vec4 0, 0, 6;
    %cmp/u;
    %jmp/1 T_7.2, 6;
    %dup/vec4;
    %pushi/vec4 1, 0, 6;
    %cmp/u;
    %jmp/1 T_7.3, 6;
    %dup/vec4;
    %pushi/vec4 2, 0, 6;
    %cmp/u;
    %jmp/1 T_7.4, 6;
    %dup/vec4;
    %pushi/vec4 3, 0, 6;
    %cmp/u;
    %jmp/1 T_7.5, 6;
    %jmp T_7.6;
T_7.2 ;
    %load/vec4 v0x5581582b6e20_0;
    %parti/s 8, 0, 2;
    %assign/vec4 v0x5581582b7d70_0, 0;
    %load/vec4 v0x5581582b6e20_0;
    %parti/s 1, 8, 5;
    %assign/vec4 v0x5581582b7f30_0, 0;
    %pushi/vec4 1, 0, 1;
    %assign/vec4 v0x5581582b80a0_0, 0;
    %pushi/vec4 1, 0, 6;
    %assign/vec4 v0x5581582b8000_0, 0;
    %jmp T_7.6;
T_7.3 ;
    %load/vec4 v0x5581582b7e60_0;
    %flag_set/vec4 8;
    %jmp/0xz  T_7.7, 8;
    %pushi/vec4 0, 0, 1;
    %assign/vec4 v0x5581582b80a0_0, 0;
    %pushi/vec4 2, 0, 6;
    %assign/vec4 v0x5581582b8000_0, 0;
T_7.7 ;
    %jmp T_7.6;
T_7.4 ;
    %load/vec4 v0x5581582b7cd0_0;
    %cmpi/u 262142, 0, 18;
    %jmp/0xz  T_7.9, 5;
    %load/vec4 v0x5581582b7cd0_0;
    %addi 1, 0, 18;
    %assign/vec4 v0x5581582b7cd0_0, 0;
    %jmp T_7.10;
T_7.9 ;
    %pushi/vec4 0, 0, 18;
    %assign/vec4 v0x5581582b7cd0_0, 0;
    %pushi/vec4 3, 0, 6;
    %assign/vec4 v0x5581582b8000_0, 0;
T_7.10 ;
    %jmp T_7.6;
T_7.5 ;
    %load/vec4 v0x5581582b6ec0_0;
    %pad/u 36;
    %cmpi/u 37, 0, 36;
    %jmp/0xz  T_7.11, 5;
    %load/vec4 v0x5581582b6ec0_0;
    %addi 1, 0, 6;
    %assign/vec4 v0x5581582b6ec0_0, 0;
    %jmp T_7.12;
T_7.11 ;
    %pushi/vec4 4, 0, 6;
    %assign/vec4 v0x5581582b6ec0_0, 0;
T_7.12 ;
    %pushi/vec4 0, 0, 6;
    %assign/vec4 v0x5581582b8000_0, 0;
    %jmp T_7.6;
T_7.6 ;
    %pop/vec4 1;
T_7.1 ;
    %jmp T_7;
    .thread T_7;
    .scope S_0x5581582b4c60;
T_8 ;
    %wait E_0x5581582b5500;
    %load/vec4 v0x5581582b6ec0_0;
    %dup/vec4;
    %pushi/vec4 0, 0, 6;
    %cmp/u;
    %jmp/1 T_8.0, 6;
    %dup/vec4;
    %pushi/vec4 1, 0, 6;
    %cmp/u;
    %jmp/1 T_8.1, 6;
    %dup/vec4;
    %pushi/vec4 2, 0, 6;
    %cmp/u;
    %jmp/1 T_8.2, 6;
    %dup/vec4;
    %pushi/vec4 3, 0, 6;
    %cmp/u;
    %jmp/1 T_8.3, 6;
    %dup/vec4;
    %pushi/vec4 4, 0, 6;
    %cmp/u;
    %jmp/1 T_8.4, 6;
    %dup/vec4;
    %pushi/vec4 5, 0, 6;
    %cmp/u;
    %jmp/1 T_8.5, 6;
    %dup/vec4;
    %pushi/vec4 6, 0, 6;
    %cmp/u;
    %jmp/1 T_8.6, 6;
    %dup/vec4;
    %pushi/vec4 7, 0, 6;
    %cmp/u;
    %jmp/1 T_8.7, 6;
    %dup/vec4;
    %pushi/vec4 8, 0, 6;
    %cmp/u;
    %jmp/1 T_8.8, 6;
    %dup/vec4;
    %pushi/vec4 9, 0, 6;
    %cmp/u;
    %jmp/1 T_8.9, 6;
    %dup/vec4;
    %pushi/vec4 10, 0, 6;
    %cmp/u;
    %jmp/1 T_8.10, 6;
    %dup/vec4;
    %pushi/vec4 11, 0, 6;
    %cmp/u;
    %jmp/1 T_8.11, 6;
    %dup/vec4;
    %pushi/vec4 12, 0, 6;
    %cmp/u;
    %jmp/1 T_8.12, 6;
    %dup/vec4;
    %pushi/vec4 13, 0, 6;
    %cmp/u;
    %jmp/1 T_8.13, 6;
    %dup/vec4;
    %pushi/vec4 14, 0, 6;
    %cmp/u;
    %jmp/1 T_8.14, 6;
    %dup/vec4;
    %pushi/vec4 15, 0, 6;
    %cmp/u;
    %jmp/1 T_8.15, 6;
    %dup/vec4;
    %pushi/vec4 16, 0, 6;
    %cmp/u;
    %jmp/1 T_8.16, 6;
    %dup/vec4;
    %pushi/vec4 17, 0, 6;
    %cmp/u;
    %jmp/1 T_8.17, 6;
    %dup/vec4;
    %pushi/vec4 18, 0, 6;
    %cmp/u;
    %jmp/1 T_8.18, 6;
    %dup/vec4;
    %pushi/vec4 19, 0, 6;
    %cmp/u;
    %jmp/1 T_8.19, 6;
    %dup/vec4;
    %pushi/vec4 20, 0, 6;
    %cmp/u;
    %jmp/1 T_8.20, 6;
    %dup/vec4;
    %pushi/vec4 21, 0, 6;
    %cmp/u;
    %jmp/1 T_8.21, 6;
    %dup/vec4;
    %pushi/vec4 22, 0, 6;
    %cmp/u;
    %jmp/1 T_8.22, 6;
    %dup/vec4;
    %pushi/vec4 23, 0, 6;
    %cmp/u;
    %jmp/1 T_8.23, 6;
    %dup/vec4;
    %pushi/vec4 24, 0, 6;
    %cmp/u;
    %jmp/1 T_8.24, 6;
    %dup/vec4;
    %pushi/vec4 25, 0, 6;
    %cmp/u;
    %jmp/1 T_8.25, 6;
    %dup/vec4;
    %pushi/vec4 26, 0, 6;
    %cmp/u;
    %jmp/1 T_8.26, 6;
    %dup/vec4;
    %pushi/vec4 27, 0, 6;
    %cmp/u;
    %jmp/1 T_8.27, 6;
    %dup/vec4;
    %pushi/vec4 28, 0, 6;
    %cmp/u;
    %jmp/1 T_8.28, 6;
    %dup/vec4;
    %pushi/vec4 29, 0, 6;
    %cmp/u;
    %jmp/1 T_8.29, 6;
    %dup/vec4;
    %pushi/vec4 30, 0, 6;
    %cmp/u;
    %jmp/1 T_8.30, 6;
    %dup/vec4;
    %pushi/vec4 31, 0, 6;
    %cmp/u;
    %jmp/1 T_8.31, 6;
    %dup/vec4;
    %pushi/vec4 32, 0, 6;
    %cmp/u;
    %jmp/1 T_8.32, 6;
    %dup/vec4;
    %pushi/vec4 33, 0, 6;
    %cmp/u;
    %jmp/1 T_8.33, 6;
    %dup/vec4;
    %pushi/vec4 34, 0, 6;
    %cmp/u;
    %jmp/1 T_8.34, 6;
    %dup/vec4;
    %pushi/vec4 35, 0, 6;
    %cmp/u;
    %jmp/1 T_8.35, 6;
    %dup/vec4;
    %pushi/vec4 36, 0, 6;
    %cmp/u;
    %jmp/1 T_8.36, 6;
    %dup/vec4;
    %pushi/vec4 37, 0, 6;
    %cmp/u;
    %jmp/1 T_8.37, 6;
    %pushi/vec4 288, 0, 9;
    %assign/vec4 v0x5581582b6e20_0, 0;
    %jmp T_8.39;
T_8.0 ;
    %pushi/vec4 56, 0, 9;
    %assign/vec4 v0x5581582b6e20_0, 0;
    %jmp T_8.39;
T_8.1 ;
    %pushi/vec4 12, 0, 9;
    %assign/vec4 v0x5581582b6e20_0, 0;
    %jmp T_8.39;
T_8.2 ;
    %pushi/vec4 1, 0, 9;
    %assign/vec4 v0x5581582b6e20_0, 0;
    %jmp T_8.39;
T_8.3 ;
    %pushi/vec4 6, 0, 9;
    %assign/vec4 v0x5581582b6e20_0, 0;
    %jmp T_8.39;
T_8.4 ;
    %pushi/vec4 128, 0, 9;
    %assign/vec4 v0x5581582b6e20_0, 0;
    %jmp T_8.39;
T_8.5 ;
    %load/vec4 v0x5581582b6f60_0;
    %parti/s 4, 4, 4;
    %store/vec4 v0x5581582b57d0_0, 0, 4;
    %callf/vec4 TD_Mod_Teste.MyLCD.hex2char, S_0x5581582b55d0;
    %assign/vec4 v0x5581582b6e20_0, 0;
    %jmp T_8.39;
T_8.6 ;
    %load/vec4 v0x5581582b6f60_0;
    %parti/s 4, 0, 2;
    %store/vec4 v0x5581582b57d0_0, 0, 4;
    %callf/vec4 TD_Mod_Teste.MyLCD.hex2char, S_0x5581582b55d0;
    %assign/vec4 v0x5581582b6e20_0, 0;
    %jmp T_8.39;
T_8.7 ;
    %pushi/vec4 288, 0, 9;
    %assign/vec4 v0x5581582b6e20_0, 0;
    %jmp T_8.39;
T_8.8 ;
    %load/vec4 v0x5581582b7020_0;
    %parti/s 4, 4, 4;
    %store/vec4 v0x5581582b57d0_0, 0, 4;
    %callf/vec4 TD_Mod_Teste.MyLCD.hex2char, S_0x5581582b55d0;
    %assign/vec4 v0x5581582b6e20_0, 0;
    %jmp T_8.39;
T_8.9 ;
    %load/vec4 v0x5581582b7020_0;
    %parti/s 4, 0, 2;
    %store/vec4 v0x5581582b57d0_0, 0, 4;
    %callf/vec4 TD_Mod_Teste.MyLCD.hex2char, S_0x5581582b55d0;
    %assign/vec4 v0x5581582b6e20_0, 0;
    %jmp T_8.39;
T_8.10 ;
    %pushi/vec4 288, 0, 9;
    %assign/vec4 v0x5581582b6e20_0, 0;
    %jmp T_8.39;
T_8.11 ;
    %load/vec4 v0x5581582b7100_0;
    %parti/s 4, 4, 4;
    %store/vec4 v0x5581582b57d0_0, 0, 4;
    %callf/vec4 TD_Mod_Teste.MyLCD.hex2char, S_0x5581582b55d0;
    %assign/vec4 v0x5581582b6e20_0, 0;
    %jmp T_8.39;
T_8.12 ;
    %load/vec4 v0x5581582b7100_0;
    %parti/s 4, 0, 2;
    %store/vec4 v0x5581582b57d0_0, 0, 4;
    %callf/vec4 TD_Mod_Teste.MyLCD.hex2char, S_0x5581582b55d0;
    %assign/vec4 v0x5581582b6e20_0, 0;
    %jmp T_8.39;
T_8.13 ;
    %pushi/vec4 288, 0, 9;
    %assign/vec4 v0x5581582b6e20_0, 0;
    %jmp T_8.39;
T_8.14 ;
    %load/vec4 v0x5581582b7270_0;
    %parti/s 4, 4, 4;
    %store/vec4 v0x5581582b57d0_0, 0, 4;
    %callf/vec4 TD_Mod_Teste.MyLCD.hex2char, S_0x5581582b55d0;
    %assign/vec4 v0x5581582b6e20_0, 0;
    %jmp T_8.39;
T_8.15 ;
    %load/vec4 v0x5581582b7270_0;
    %parti/s 4, 0, 2;
    %store/vec4 v0x5581582b57d0_0, 0, 4;
    %callf/vec4 TD_Mod_Teste.MyLCD.hex2char, S_0x5581582b55d0;
    %assign/vec4 v0x5581582b6e20_0, 0;
    %jmp T_8.39;
T_8.16 ;
    %pushi/vec4 288, 0, 9;
    %assign/vec4 v0x5581582b6e20_0, 0;
    %jmp T_8.39;
T_8.17 ;
    %load/vec4 v0x5581582b7350_0;
    %parti/s 4, 4, 4;
    %store/vec4 v0x5581582b57d0_0, 0, 4;
    %callf/vec4 TD_Mod_Teste.MyLCD.hex2char, S_0x5581582b55d0;
    %assign/vec4 v0x5581582b6e20_0, 0;
    %jmp T_8.39;
T_8.18 ;
    %load/vec4 v0x5581582b7350_0;
    %parti/s 4, 0, 2;
    %store/vec4 v0x5581582b57d0_0, 0, 4;
    %callf/vec4 TD_Mod_Teste.MyLCD.hex2char, S_0x5581582b55d0;
    %assign/vec4 v0x5581582b6e20_0, 0;
    %jmp T_8.39;
T_8.19 ;
    %pushi/vec4 288, 0, 9;
    %assign/vec4 v0x5581582b6e20_0, 0;
    %jmp T_8.39;
T_8.20 ;
    %load/vec4 v0x5581582b7430_0;
    %parti/s 4, 0, 2;
    %store/vec4 v0x5581582b57d0_0, 0, 4;
    %callf/vec4 TD_Mod_Teste.MyLCD.hex2char, S_0x5581582b55d0;
    %assign/vec4 v0x5581582b6e20_0, 0;
    %jmp T_8.39;
T_8.21 ;
    %pushi/vec4 192, 0, 9;
    %assign/vec4 v0x5581582b6e20_0, 0;
    %jmp T_8.39;
T_8.22 ;
    %load/vec4 v0x5581582b7510_0;
    %parti/s 4, 4, 4;
    %store/vec4 v0x5581582b57d0_0, 0, 4;
    %callf/vec4 TD_Mod_Teste.MyLCD.hex2char, S_0x5581582b55d0;
    %assign/vec4 v0x5581582b6e20_0, 0;
    %jmp T_8.39;
T_8.23 ;
    %load/vec4 v0x5581582b7510_0;
    %parti/s 4, 0, 2;
    %store/vec4 v0x5581582b57d0_0, 0, 4;
    %callf/vec4 TD_Mod_Teste.MyLCD.hex2char, S_0x5581582b55d0;
    %assign/vec4 v0x5581582b6e20_0, 0;
    %jmp T_8.39;
T_8.24 ;
    %pushi/vec4 288, 0, 9;
    %assign/vec4 v0x5581582b6e20_0, 0;
    %jmp T_8.39;
T_8.25 ;
    %load/vec4 v0x5581582b75f0_0;
    %parti/s 4, 4, 4;
    %store/vec4 v0x5581582b57d0_0, 0, 4;
    %callf/vec4 TD_Mod_Teste.MyLCD.hex2char, S_0x5581582b55d0;
    %assign/vec4 v0x5581582b6e20_0, 0;
    %jmp T_8.39;
T_8.26 ;
    %load/vec4 v0x5581582b75f0_0;
    %parti/s 4, 0, 2;
    %store/vec4 v0x5581582b57d0_0, 0, 4;
    %callf/vec4 TD_Mod_Teste.MyLCD.hex2char, S_0x5581582b55d0;
    %assign/vec4 v0x5581582b6e20_0, 0;
    %jmp T_8.39;
T_8.27 ;
    %pushi/vec4 288, 0, 9;
    %assign/vec4 v0x5581582b6e20_0, 0;
    %jmp T_8.39;
T_8.28 ;
    %load/vec4 v0x5581582b76d0_0;
    %parti/s 4, 4, 4;
    %store/vec4 v0x5581582b57d0_0, 0, 4;
    %callf/vec4 TD_Mod_Teste.MyLCD.hex2char, S_0x5581582b55d0;
    %assign/vec4 v0x5581582b6e20_0, 0;
    %jmp T_8.39;
T_8.29 ;
    %load/vec4 v0x5581582b76d0_0;
    %parti/s 4, 0, 2;
    %store/vec4 v0x5581582b57d0_0, 0, 4;
    %callf/vec4 TD_Mod_Teste.MyLCD.hex2char, S_0x5581582b55d0;
    %assign/vec4 v0x5581582b6e20_0, 0;
    %jmp T_8.39;
T_8.30 ;
    %pushi/vec4 288, 0, 9;
    %assign/vec4 v0x5581582b6e20_0, 0;
    %jmp T_8.39;
T_8.31 ;
    %load/vec4 v0x5581582b77b0_0;
    %parti/s 4, 4, 4;
    %store/vec4 v0x5581582b57d0_0, 0, 4;
    %callf/vec4 TD_Mod_Teste.MyLCD.hex2char, S_0x5581582b55d0;
    %assign/vec4 v0x5581582b6e20_0, 0;
    %jmp T_8.39;
T_8.32 ;
    %load/vec4 v0x5581582b77b0_0;
    %parti/s 4, 0, 2;
    %store/vec4 v0x5581582b57d0_0, 0, 4;
    %callf/vec4 TD_Mod_Teste.MyLCD.hex2char, S_0x5581582b55d0;
    %assign/vec4 v0x5581582b6e20_0, 0;
    %jmp T_8.39;
T_8.33 ;
    %pushi/vec4 288, 0, 9;
    %assign/vec4 v0x5581582b6e20_0, 0;
    %jmp T_8.39;
T_8.34 ;
    %load/vec4 v0x5581582b7890_0;
    %parti/s 4, 4, 4;
    %store/vec4 v0x5581582b57d0_0, 0, 4;
    %callf/vec4 TD_Mod_Teste.MyLCD.hex2char, S_0x5581582b55d0;
    %assign/vec4 v0x5581582b6e20_0, 0;
    %jmp T_8.39;
T_8.35 ;
    %load/vec4 v0x5581582b7890_0;
    %parti/s 4, 0, 2;
    %store/vec4 v0x5581582b57d0_0, 0, 4;
    %callf/vec4 TD_Mod_Teste.MyLCD.hex2char, S_0x5581582b55d0;
    %assign/vec4 v0x5581582b6e20_0, 0;
    %jmp T_8.39;
T_8.36 ;
    %pushi/vec4 288, 0, 9;
    %assign/vec4 v0x5581582b6e20_0, 0;
    %jmp T_8.39;
T_8.37 ;
    %load/vec4 v0x5581582b7a80_0;
    %parti/s 4, 0, 2;
    %store/vec4 v0x5581582b57d0_0, 0, 4;
    %callf/vec4 TD_Mod_Teste.MyLCD.hex2char, S_0x5581582b55d0;
    %assign/vec4 v0x5581582b6e20_0, 0;
    %jmp T_8.39;
T_8.39 ;
    %pop/vec4 1;
    %jmp T_8;
    .thread T_8, $push;
    .scope S_0x558158283050;
T_9 ;
Ewait_2 .event/or E_0x5581582bba00, E_0x0;
    %wait Ewait_2;
    %load/vec4 v0x5581582bbaf0_0;
    %pad/u 6;
    %ix/vec4 4;
    %load/vec4a v0x5581582bbbf0, 4;
    %inv;
    %store/vec4 v0x5581582bbeb0_0, 0, 7;
    %jmp T_9;
    .thread T_9, $push;
    .scope S_0x55815825ed40;
T_10 ;
    %wait E_0x5581582bc000;
    %load/vec4 v0x5581582bc2f0_0;
    %flag_set/vec4 8;
    %jmp/0xz  T_10.0, 8;
    %pushi/vec4 0, 0, 27;
    %assign/vec4 v0x5581582bc140_0, 0;
    %pushi/vec4 0, 0, 1;
    %store/vec4 v0x5581582bc220_0, 0, 1;
    %jmp T_10.1;
T_10.0 ;
    %load/vec4 v0x5581582bc140_0;
    %cmpi/e 25000000, 0, 27;
    %jmp/0xz  T_10.2, 4;
    %load/vec4 v0x5581582bc220_0;
    %inv;
    %store/vec4 v0x5581582bc220_0, 0, 1;
    %pushi/vec4 0, 0, 27;
    %assign/vec4 v0x5581582bc140_0, 0;
    %jmp T_10.3;
T_10.2 ;
    %load/vec4 v0x5581582bc140_0;
    %addi 1, 0, 27;
    %assign/vec4 v0x5581582bc140_0, 0;
T_10.3 ;
T_10.1 ;
    %jmp T_10;
    .thread T_10;
    .scope S_0x5581582bc430;
T_11 ;
    %wait E_0x5581582bc680;
    %load/vec4 v0x5581582bc8c0_0;
    %flag_set/vec4 8;
    %jmp/0xz  T_11.0, 8;
    %pushi/vec4 0, 0, 4;
    %store/vec4 v0x5581582bc7e0_0, 0, 4;
    %jmp T_11.1;
T_11.0 ;
    %load/vec4 v0x5581582bc7e0_0;
    %pad/u 32;
    %cmpi/e 9, 0, 32;
    %jmp/0xz  T_11.2, 4;
    %pushi/vec4 0, 0, 4;
    %assign/vec4 v0x5581582bc7e0_0, 0;
    %jmp T_11.3;
T_11.2 ;
    %load/vec4 v0x5581582bc7e0_0;
    %addi 1, 0, 4;
    %assign/vec4 v0x5581582bc7e0_0, 0;
T_11.3 ;
T_11.1 ;
    %jmp T_11;
    .thread T_11;
# The file index is used to find the file name in the following table.
:file_names 17;
    "N/A";
    "<interactive>";
    "-";
    "././Sprint5/CPU v0.1.sv";
    "././Sprint5/InstrMemory.sv";
    "././Sprint5/PC.sv";
    "././Sprint3/RegisterFile.sv";
    "././Sprint4/Ula.sv";
    "././Sprint5/ControlUnit.sv";
    "Mod_Teste.sv";
    "././LCD_TEST2.sv";
    "././LCD_Controller.sv";
    "././Sprint1/ULA.sv";
    "././Sprint2/decod_hexa2_7seg.sv";
    "././Sprint2/frequencydivider.sv";
    "././Sprint2/seven_segment_loop.sv";
    "././Sprint2/count_M10.sv";
