#! /usr/bin/vvp
:ivl_version "11.0 (stable)";
:ivl_delay_selection "TYPICAL";
:vpi_time_precision + 0;
:vpi_module "/usr/lib/x86_64-linux-gnu/ivl/system.vpi";
:vpi_module "/usr/lib/x86_64-linux-gnu/ivl/vhdl_sys.vpi";
:vpi_module "/usr/lib/x86_64-linux-gnu/ivl/vhdl_textio.vpi";
:vpi_module "/usr/lib/x86_64-linux-gnu/ivl/v2005_math.vpi";
:vpi_module "/usr/lib/x86_64-linux-gnu/ivl/va_math.vpi";
:vpi_module "/usr/lib/x86_64-linux-gnu/ivl/v2009.vpi";
S_0x559c6d71f480 .scope package, "$unit" "$unit" 2 1;
 .timescale 0 0;
S_0x559c6d71f610 .scope module, "tb" "tb" 3 2;
 .timescale 0 0;
v0x559c6d736270_0 .var "clk", 0 0;
v0x559c6d736330_0 .var "max", 3 0;
v0x559c6d7363d0_0 .net "outp", 3 0, L_0x559c6d746c50;  1 drivers
v0x559c6d7364d0_0 .var "rst", 0 0;
E_0x559c6d71c8a0 .event negedge, v0x559c6d735d10_0;
S_0x559c6d70e980 .scope module, "instp" "piramide" 3 8, 4 1 0, S_0x559c6d71f610;
 .timescale 0 0;
    .port_info 0 /INPUT 1 "clk";
    .port_info 1 /INPUT 1 "rst";
    .port_info 2 /INPUT 4 "max";
    .port_info 3 /OUTPUT 4 "outputM_";
v0x559c6d70e220_0 .net "R", 0 0, L_0x559c6d7469c0;  1 drivers
v0x559c6d735620_0 .net "S", 0 0, L_0x559c6d746710;  1 drivers
v0x559c6d7356e0_0 .net *"_ivl_0", 31 0, L_0x559c6d7365a0;  1 drivers
L_0x7f135446d0a8 .functor BUFT 1, C4<0000000000000000000000000000>, C4<0>, C4<0>, C4<0>;
v0x559c6d7357a0_0 .net *"_ivl_11", 27 0, L_0x7f135446d0a8;  1 drivers
L_0x7f135446d0f0 .functor BUFT 1, C4<00000000000000000000000000000000>, C4<0>, C4<0>, C4<0>;
v0x559c6d735880_0 .net/2u *"_ivl_12", 31 0, L_0x7f135446d0f0;  1 drivers
v0x559c6d7359b0_0 .net *"_ivl_16", 0 0, L_0x559c6d746b60;  1 drivers
L_0x7f135446d018 .functor BUFT 1, C4<0000000000000000000000000000>, C4<0>, C4<0>, C4<0>;
v0x559c6d735a70_0 .net *"_ivl_3", 27 0, L_0x7f135446d018;  1 drivers
L_0x7f135446d060 .functor BUFT 1, C4<00000000000000000000000000001111>, C4<0>, C4<0>, C4<0>;
v0x559c6d735b50_0 .net/2u *"_ivl_4", 31 0, L_0x7f135446d060;  1 drivers
v0x559c6d735c30_0 .net *"_ivl_8", 31 0, L_0x559c6d746880;  1 drivers
v0x559c6d735d10_0 .net "clk", 0 0, v0x559c6d736270_0;  1 drivers
v0x559c6d735dd0_0 .net "max", 3 0, v0x559c6d736330_0;  1 drivers
v0x559c6d735eb0_0 .var "outputM", 3 0;
v0x559c6d735f90_0 .net "outputM_", 3 0, L_0x559c6d746c50;  alias, 1 drivers
v0x559c6d736070_0 .var "qLatch", 0 0;
v0x559c6d736130_0 .net "rst", 0 0, v0x559c6d7364d0_0;  1 drivers
E_0x559c6d6e34a0 .event posedge, v0x559c6d735d10_0;
E_0x559c6d706f70 .event edge, v0x559c6d735620_0, v0x559c6d70e220_0;
L_0x559c6d7365a0 .concat [ 4 28 0 0], v0x559c6d735eb0_0, L_0x7f135446d018;
L_0x559c6d746710 .cmp/eq 32, L_0x559c6d7365a0, L_0x7f135446d060;
L_0x559c6d746880 .concat [ 4 28 0 0], v0x559c6d735eb0_0, L_0x7f135446d0a8;
L_0x559c6d7469c0 .cmp/eq 32, L_0x559c6d746880, L_0x7f135446d0f0;
L_0x559c6d746b60 .cmp/gt 4, v0x559c6d736330_0, v0x559c6d735eb0_0;
L_0x559c6d746c50 .functor MUXZ 4, v0x559c6d736330_0, v0x559c6d735eb0_0, L_0x559c6d746b60, C4<>;
S_0x559c6d70eb50 .scope begin, "FFD" "FFD" 4 19, 4 19 0, S_0x559c6d70e980;
 .timescale 0 0;
S_0x559c6d70ece0 .scope begin, "Latch_RS" "Latch_RS" 4 12, 4 12 0, S_0x559c6d70e980;
 .timescale 0 0;
    .scope S_0x559c6d70e980;
T_0 ;
Ewait_0 .event/or E_0x559c6d706f70, E_0x0;
    %wait Ewait_0;
    %fork t_1, S_0x559c6d70ece0;
    %jmp t_0;
    .scope S_0x559c6d70ece0;
t_1 ;
    %load/vec4 v0x559c6d735620_0;
    %load/vec4 v0x559c6d70e220_0;
    %concat/vec4; draw_concat_vec4
    %dup/vec4;
    %pushi/vec4 1, 0, 2;
    %cmp/u;
    %jmp/1 T_0.0, 6;
    %dup/vec4;
    %pushi/vec4 2, 0, 2;
    %cmp/u;
    %jmp/1 T_0.1, 6;
    %load/vec4 v0x559c6d736070_0;
    %store/vec4 v0x559c6d736070_0, 0, 1;
    %jmp T_0.3;
T_0.0 ;
    %pushi/vec4 0, 0, 1;
    %store/vec4 v0x559c6d736070_0, 0, 1;
    %jmp T_0.3;
T_0.1 ;
    %pushi/vec4 1, 0, 1;
    %store/vec4 v0x559c6d736070_0, 0, 1;
    %jmp T_0.3;
T_0.3 ;
    %pop/vec4 1;
    %end;
    .scope S_0x559c6d70e980;
t_0 %join;
    %jmp T_0;
    .thread T_0, $push;
    .scope S_0x559c6d70e980;
T_1 ;
    %wait E_0x559c6d6e34a0;
    %fork t_3, S_0x559c6d70eb50;
    %jmp t_2;
    .scope S_0x559c6d70eb50;
t_3 ;
    %load/vec4 v0x559c6d736130_0;
    %flag_set/vec4 8;
    %jmp/0xz  T_1.0, 8;
    %pushi/vec4 0, 0, 4;
    %assign/vec4 v0x559c6d735eb0_0, 0;
    %pushi/vec4 0, 0, 1;
    %assign/vec4 v0x559c6d736070_0, 0;
    %jmp T_1.1;
T_1.0 ;
    %load/vec4 v0x559c6d736070_0;
    %flag_set/vec4 8;
    %jmp/0 T_1.2, 8;
    %load/vec4 v0x559c6d735eb0_0;
    %subi 1, 0, 4;
    %jmp/1 T_1.3, 8;
T_1.2 ; End of true expr.
    %load/vec4 v0x559c6d735eb0_0;
    %addi 1, 0, 4;
    %jmp/0 T_1.3, 8;
 ; End of false expr.
    %blend;
T_1.3;
    %assign/vec4 v0x559c6d735eb0_0, 0;
T_1.1 ;
    %end;
    .scope S_0x559c6d70e980;
t_2 %join;
    %jmp T_1;
    .thread T_1;
    .scope S_0x559c6d71f610;
T_2 ;
    %delay 1, 0;
    %load/vec4 v0x559c6d736270_0;
    %inv;
    %store/vec4 v0x559c6d736270_0, 0, 1;
    %jmp T_2;
    .thread T_2;
    .scope S_0x559c6d71f610;
T_3 ;
    %pushi/vec4 0, 0, 1;
    %store/vec4 v0x559c6d736270_0, 0, 1;
    %vpi_call/w 3 19 "$dumpfile", "pi.vcd" {0 0 0};
    %vpi_call/w 3 20 "$dumpvars", 32'sb00000000000000000000000000000000, S_0x559c6d70e980 {0 0 0};
    %wait E_0x559c6d71c8a0;
    %pushi/vec4 23, 0, 5;
    %split/vec4 4;
    %store/vec4 v0x559c6d736330_0, 0, 4;
    %store/vec4 v0x559c6d7364d0_0, 0, 1;
    %wait E_0x559c6d71c8a0;
    %pushi/vec4 4, 0, 5;
    %split/vec4 4;
    %store/vec4 v0x559c6d736330_0, 0, 4;
    %store/vec4 v0x559c6d7364d0_0, 0, 1;
    %delay 100, 0;
    %vpi_call/w 3 25 "$finish" {0 0 0};
    %end;
    .thread T_3;
# The file index is used to find the file name in the following table.
:file_names 5;
    "N/A";
    "<interactive>";
    "-";
    "test.sv";
    "././piramide.sv";
